2020-06-09 19:55:40,561:MainProcess:  There is no existing checkpoint log
2020-06-09 19:55:40,561:MainProcess:  =========> exp3 <=========
2020-06-09 19:55:40,561:MainProcess:  

Start with config DATA:
  HISTORY_LENGTH: 4
  NUM_WORKERS: 8
DEVICE: cuda
DIRS:
  EXPERIMENT: /mnt/DATA/learning_stuffs/uni/20192/artificial intelligence/project/alpha-zero/runs/exp3
  OUTPUTS: /mnt/DATA/learning_stuffs/uni/20192/artificial intelligence/project/alpha-zero/runs/
EXPERIMENT: exp3
GAME:
  BOARD_SIZE: 8
  DEFAULT_PLAYER: 1
  NAME: othello
MCTS:
  C_PUCT: 0.1
  DIRICHLET_ALPHA: 0.03
  DIRICHLET_WEIGHT: 0.25
  NUM_SIMULATION_PER_STEP: 64
MODEL:
  BASE_CHANNELS: 128
  BOTTLENECK_CHANNELS: 32
  NORM_LAYER: bn2d
  NUM_BLOCKS: 19
SELF_PLAY:
  BATCH_SIZE: 8
  GAME_PER_ITER: 128
  NUM_WORKER: 4
  TEMP_THRESH: 30
SOLVER:
  BASE_LR: 0.001
  BATCH_SIZE: 64
  GD_STEPS: 1
  NUM_EPOCHS: 25
  NUM_ITERS: 25
  SAVE_CHECKPOINT_FREQ: 1
  WARMUP_EPOCHS: 1
  WEIGHT_DECAY: 0.01
2020-06-09 19:55:40,562:MainProcess:  

******** iter 1 **********
2020-06-09 19:55:40,562:MainProcess:  
***SELFPLAY***
2020-06-09 19:55:42,604:Selfplay-4:  started
2020-06-09 19:55:42,608:Selfplay-3:  started
2020-06-09 19:55:42,594:Selfplay-2:  started
2020-06-09 19:55:42,612:Selfplay-1:  started
2020-06-09 19:57:15,992:Selfplay-1:  001-th game: tree_size 3531 num_steps 60 winner: -1
2020-06-09 19:57:16,004:Selfplay-1:  002-th game: tree_size 3542 num_steps 60 winner: 1
2020-06-09 19:57:16,017:Selfplay-1:  003-th game: tree_size 3528 num_steps 60 winner: -1
2020-06-09 19:57:16,033:Selfplay-1:  004-th game: tree_size 3465 num_steps 60 winner: 1
2020-06-09 19:57:16,048:Selfplay-1:  005-th game: tree_size 3480 num_steps 60 winner: 1
2020-06-09 19:57:16,064:Selfplay-1:  006-th game: tree_size 3521 num_steps 60 winner: -1
2020-06-09 19:57:16,295:Selfplay-4:  007-th game: tree_size 3482 num_steps 60 winner: 1
2020-06-09 19:57:16,306:Selfplay-4:  008-th game: tree_size 3525 num_steps 60 winner: -1
2020-06-09 19:57:16,319:Selfplay-4:  009-th game: tree_size 3493 num_steps 60 winner: 1
2020-06-09 19:57:16,395:Selfplay-2:  010-th game: tree_size 3477 num_steps 60 winner: 1
2020-06-09 19:57:16,408:Selfplay-2:  011-th game: tree_size 3526 num_steps 60 winner: 1
2020-06-09 19:57:16,419:Selfplay-2:  012-th game: tree_size 3514 num_steps 60 winner: -1
2020-06-09 19:57:16,433:Selfplay-2:  013-th game: tree_size 3497 num_steps 60 winner: 1
2020-06-09 19:57:16,730:Selfplay-3:  014-th game: tree_size 3462 num_steps 60 winner: 1
2020-06-09 19:57:16,747:Selfplay-3:  015-th game: tree_size 3495 num_steps 60 winner: 1
2020-06-09 19:57:16,761:Selfplay-3:  016-th game: tree_size 3563 num_steps 60 winner: -1
2020-06-09 19:57:16,773:Selfplay-3:  017-th game: tree_size 3503 num_steps 60 winner: 1
2020-06-09 19:57:16,787:Selfplay-3:  018-th game: tree_size 3535 num_steps 60 winner: 1
2020-06-09 19:57:17,644:Selfplay-4:  019-th game: tree_size 3489 num_steps 61 winner: -1
2020-06-09 19:57:17,655:Selfplay-4:  020-th game: tree_size 3525 num_steps 61 winner: 1
2020-06-09 19:57:17,668:Selfplay-4:  021-th game: tree_size 3529 num_steps 61 winner: 1
2020-06-09 19:57:17,681:Selfplay-4:  022-th game: tree_size 3558 num_steps 61 winner: -1
2020-06-09 19:57:17,696:Selfplay-4:  023-th game: tree_size 3504 num_steps 61 winner: -1
2020-06-09 19:57:17,868:Selfplay-2:  024-th game: tree_size 3542 num_steps 61 winner: -1
2020-06-09 19:57:17,880:Selfplay-2:  025-th game: tree_size 3429 num_steps 61 winner: 1
2020-06-09 19:57:17,893:Selfplay-2:  026-th game: tree_size 3485 num_steps 61 winner: -1
2020-06-09 19:57:17,907:Selfplay-2:  027-th game: tree_size 3557 num_steps 61 winner: 1
2020-06-09 19:57:17,954:Selfplay-1:  028-th game: tree_size 3493 num_steps 61 winner: -1
2020-06-09 19:57:17,968:Selfplay-1:  029-th game: tree_size 3508 num_steps 61 winner: 1
2020-06-09 19:57:18,220:Selfplay-3:  030-th game: tree_size 3543 num_steps 61 winner: -1
2020-06-09 19:57:18,233:Selfplay-3:  031-th game: tree_size 3545 num_steps 61 winner: 1
2020-06-09 19:57:19,695:Selfplay-3:  032-th game: tree_size 3508 num_steps 62 winner: -1
2020-06-09 19:59:00,170:Selfplay-2:  033-th game: tree_size 3515 num_steps 60 winner: -1
2020-06-09 19:59:00,482:Selfplay-4:  034-th game: tree_size 3520 num_steps 60 winner: -1
2020-06-09 19:59:00,512:Selfplay-4:  035-th game: tree_size 3470 num_steps 60 winner: 1
2020-06-09 19:59:00,942:Selfplay-1:  036-th game: tree_size 3509 num_steps 60 winner: -1
2020-06-09 19:59:00,972:Selfplay-1:  037-th game: tree_size 3495 num_steps 60 winner: -1
2020-06-09 19:59:01,021:Selfplay-1:  038-th game: tree_size 3530 num_steps 60 winner: -1
2020-06-09 19:59:01,686:Selfplay-2:  039-th game: tree_size 3426 num_steps 61 winner: -1
2020-06-09 19:59:01,721:Selfplay-2:  040-th game: tree_size 3543 num_steps 61 winner: -1
2020-06-09 19:59:01,762:Selfplay-2:  041-th game: tree_size 3520 num_steps 60 winner: -1
2020-06-09 19:59:01,943:Selfplay-3:  042-th game: tree_size 3524 num_steps 60 winner: -1
2020-06-09 19:59:01,976:Selfplay-3:  043-th game: tree_size 3519 num_steps 60 winner: -1
2020-06-09 19:59:02,014:Selfplay-3:  044-th game: tree_size 3500 num_steps 60 winner: 1
2020-06-09 19:59:02,144:Selfplay-4:  045-th game: tree_size 3464 num_steps 60 winner: 1
2020-06-09 19:59:02,175:Selfplay-4:  046-th game: tree_size 3516 num_steps 60 winner: -1
2020-06-09 19:59:02,210:Selfplay-4:  047-th game: tree_size 3566 num_steps 60 winner: 1
2020-06-09 19:59:02,244:Selfplay-4:  048-th game: tree_size 3483 num_steps 60 winner: 1
2020-06-09 19:59:02,782:Selfplay-1:  049-th game: tree_size 3508 num_steps 61 winner: -1
2020-06-09 19:59:03,469:Selfplay-2:  050-th game: tree_size 3531 num_steps 62 winner: -1
2020-06-09 19:59:03,475:Selfplay-3:  051-th game: tree_size 3512 num_steps 61 winner: -1
2020-06-09 19:59:03,500:Selfplay-2:  052-th game: tree_size 3365 num_steps 61 winner: -1
2020-06-09 19:59:03,510:Selfplay-3:  053-th game: tree_size 3501 num_steps 60 winner: -1
2020-06-09 19:59:03,534:Selfplay-2:  054-th game: tree_size 3497 num_steps 61 winner: -1
2020-06-09 19:59:03,544:Selfplay-3:  055-th game: tree_size 3526 num_steps 61 winner: -1
2020-06-09 19:59:04,422:Selfplay-1:  056-th game: tree_size 3465 num_steps 61 winner: -1
2020-06-09 19:59:04,426:Selfplay-4:  057-th game: tree_size 3484 num_steps 61 winner: -1
2020-06-09 19:59:04,454:Selfplay-1:  058-th game: tree_size 3512 num_steps 62 winner: -1
2020-06-09 19:59:04,464:Selfplay-4:  059-th game: tree_size 3475 num_steps 62 winner: 1
2020-06-09 19:59:04,491:Selfplay-1:  060-th game: tree_size 3532 num_steps 61 winner: 1
2020-06-09 19:59:05,389:Selfplay-3:  061-th game: tree_size 3571 num_steps 60 winner: -1
2020-06-09 19:59:05,422:Selfplay-3:  062-th game: tree_size 3490 num_steps 61 winner: 1
2020-06-09 19:59:05,604:Selfplay-2:  063-th game: tree_size 3524 num_steps 62 winner: -1
2020-06-09 19:59:06,440:Selfplay-1:  064-th game: tree_size 3505 num_steps 63 winner: -1
2020-06-09 20:01:29,919:Selfplay-1:  065-th game: tree_size 3512 num_steps 60 winner: -1
2020-06-09 20:01:29,937:Selfplay-1:  066-th game: tree_size 3527 num_steps 60 winner: 1
2020-06-09 20:01:30,838:Selfplay-2:  067-th game: tree_size 3505 num_steps 60 winner: 1
2020-06-09 20:01:31,588:Selfplay-3:  068-th game: tree_size 3481 num_steps 60 winner: 1
2020-06-09 20:01:31,646:Selfplay-1:  069-th game: tree_size 3471 num_steps 61 winner: -1
2020-06-09 20:01:31,658:Selfplay-1:  070-th game: tree_size 3494 num_steps 60 winner: 1
2020-06-09 20:01:32,227:Selfplay-2:  071-th game: tree_size 3490 num_steps 60 winner: -1
2020-06-09 20:01:32,242:Selfplay-2:  072-th game: tree_size 3456 num_steps 60 winner: 1
2020-06-09 20:01:32,643:Selfplay-4:  073-th game: tree_size 3539 num_steps 60 winner: 1
2020-06-09 20:01:32,654:Selfplay-4:  074-th game: tree_size 3491 num_steps 60 winner: -1
2020-06-09 20:01:32,851:Selfplay-3:  075-th game: tree_size 3513 num_steps 60 winner: -1
2020-06-09 20:01:32,866:Selfplay-3:  076-th game: tree_size 3516 num_steps 60 winner: 1
2020-06-09 20:01:32,879:Selfplay-3:  077-th game: tree_size 3522 num_steps 60 winner: -1
2020-06-09 20:01:32,892:Selfplay-3:  078-th game: tree_size 3497 num_steps 61 winner: -1
2020-06-09 20:01:32,908:Selfplay-3:  079-th game: tree_size 3515 num_steps 61 winner: -1
2020-06-09 20:01:33,487:Selfplay-1:  080-th game: tree_size 3543 num_steps 60 winner: -1
2020-06-09 20:01:33,724:Selfplay-2:  081-th game: tree_size 3517 num_steps 60 winner: -1
2020-06-09 20:01:33,735:Selfplay-2:  082-th game: tree_size 3514 num_steps 60 winner: 1
2020-06-09 20:01:33,822:Selfplay-4:  083-th game: tree_size 3523 num_steps 60 winner: -1
2020-06-09 20:01:34,988:Selfplay-4:  084-th game: tree_size 3507 num_steps 61 winner: -1
2020-06-09 20:01:35,001:Selfplay-4:  085-th game: tree_size 3463 num_steps 60 winner: 1
2020-06-09 20:01:35,007:Selfplay-1:  086-th game: tree_size 3514 num_steps 61 winner: -1
2020-06-09 20:01:35,013:Selfplay-4:  087-th game: tree_size 3522 num_steps 61 winner: -1
2020-06-09 20:01:35,027:Selfplay-4:  088-th game: tree_size 3566 num_steps 60 winner: 1
2020-06-09 20:01:35,041:Selfplay-4:  089-th game: tree_size 3518 num_steps 61 winner: -1
2020-06-09 20:01:35,247:Selfplay-2:  090-th game: tree_size 3556 num_steps 61 winner: 1
2020-06-09 20:01:35,260:Selfplay-2:  091-th game: tree_size 3539 num_steps 62 winner: 1
2020-06-09 20:01:36,101:Selfplay-3:  092-th game: tree_size 3525 num_steps 61 winner: 1
2020-06-09 20:01:36,115:Selfplay-3:  093-th game: tree_size 3488 num_steps 61 winner: -1
2020-06-09 20:01:36,440:Selfplay-1:  094-th game: tree_size 3463 num_steps 61 winner: -1
2020-06-09 20:01:36,452:Selfplay-1:  095-th game: tree_size 3532 num_steps 62 winner: -1
2020-06-09 20:01:36,700:Selfplay-2:  096-th game: tree_size 3529 num_steps 61 winner: 1
2020-06-09 20:03:49,537:Selfplay-1:  097-th game: tree_size 3551 num_steps 60 winner: 1
2020-06-09 20:03:49,621:Selfplay-2:  098-th game: tree_size 3498 num_steps 60 winner: -1
2020-06-09 20:03:49,877:Selfplay-3:  099-th game: tree_size 3398 num_steps 60 winner: 1
2020-06-09 20:03:50,877:Selfplay-1:  100-th game: tree_size 3516 num_steps 60 winner: 1
2020-06-09 20:03:50,909:Selfplay-1:  101-th game: tree_size 3547 num_steps 61 winner: -1
2020-06-09 20:03:50,949:Selfplay-1:  102-th game: tree_size 3529 num_steps 60 winner: -1
2020-06-09 20:03:50,991:Selfplay-2:  103-th game: tree_size 3520 num_steps 60 winner: -1
2020-06-09 20:03:51,031:Selfplay-2:  104-th game: tree_size 3438 num_steps 60 winner: -1
2020-06-09 20:03:51,264:Selfplay-3:  105-th game: tree_size 3472 num_steps 60 winner: 1
2020-06-09 20:03:52,732:Selfplay-3:  106-th game: tree_size 3492 num_steps 61 winner: -1
2020-06-09 20:03:52,742:Selfplay-2:  107-th game: tree_size 3428 num_steps 60 winner: 1
2020-06-09 20:03:52,763:Selfplay-3:  108-th game: tree_size 3554 num_steps 61 winner: -1
2020-06-09 20:03:52,775:Selfplay-2:  109-th game: tree_size 3486 num_steps 60 winner: -1
2020-06-09 20:03:52,810:Selfplay-3:  110-th game: tree_size 3518 num_steps 61 winner: -1
2020-06-09 20:03:54,117:Selfplay-4:  111-th game: tree_size 3512 num_steps 60 winner: -1
2020-06-09 20:03:54,707:Selfplay-2:  112-th game: tree_size 3458 num_steps 60 winner: 1
2020-06-09 20:03:54,711:Selfplay-3:  113-th game: tree_size 3448 num_steps 60 winner: -1
2020-06-09 20:03:54,738:Selfplay-2:  114-th game: tree_size 3470 num_steps 60 winner: 1
2020-06-09 20:03:54,739:Selfplay-1:  115-th game: tree_size 3499 num_steps 61 winner: -1
2020-06-09 20:03:55,294:Selfplay-4:  116-th game: tree_size 3466 num_steps 59 winner: -1
2020-06-09 20:03:55,348:Selfplay-4:  117-th game: tree_size 3492 num_steps 60 winner: 1
2020-06-09 20:03:56,607:Selfplay-1:  118-th game: tree_size 3494 num_steps 60 winner: 1
2020-06-09 20:03:56,639:Selfplay-1:  119-th game: tree_size 3475 num_steps 60 winner: 1
2020-06-09 20:03:56,673:Selfplay-1:  120-th game: tree_size 3485 num_steps 61 winner: 1
2020-06-09 20:03:56,715:Selfplay-3:  121-th game: tree_size 3554 num_steps 63 winner: -1
2020-06-09 20:03:56,739:Selfplay-4:  122-th game: tree_size 3503 num_steps 62 winner: -1
2020-06-09 20:03:56,751:Selfplay-3:  123-th game: tree_size 3394 num_steps 61 winner: -1
2020-06-09 20:03:56,774:Selfplay-4:  124-th game: tree_size 3539 num_steps 60 winner: -1
2020-06-09 20:03:56,808:Selfplay-4:  125-th game: tree_size 3490 num_steps 60 winner: 1
2020-06-09 20:03:56,946:Selfplay-2:  126-th game: tree_size 3505 num_steps 60 winner: -1
2020-06-09 20:03:58,548:Selfplay-4:  127-th game: tree_size 3542 num_steps 61 winner: -1
2020-06-09 20:03:58,581:Selfplay-4:  128-th game: tree_size 3526 num_steps 61 winner: 1
2020-06-09 20:03:58,602:Selfplay-4:  finished, runned 32 games
2020-06-09 20:03:58,790:Selfplay-1:  finished, runned 32 games
2020-06-09 20:03:58,837:Selfplay-3:  finished, runned 32 games
2020-06-09 20:03:59,075:Selfplay-2:  finished, runned 32 games
2020-06-09 20:03:59,077:MainProcess:  selfplay time: 498.5148(498.5148)
2020-06-09 20:03:59,078:MainProcess:  collecting 7746 samples
2020-06-09 20:04:00,661:MainProcess:  saved new data to /mnt/DATA/learning_stuffs/uni/20192/artificial intelligence/project/alpha-zero/runs/exp3/training_data/iter_001_007746_samples.pth
2020-06-09 20:04:01,723:MainProcess:  
***TRAIN MODEL***
2020-06-09 20:04:01,742:MainProcess:  loaded 7746 samples
2020-06-09 20:07:29,178:MainProcess:  =========> exp3 <=========
2020-06-09 20:07:29,178:MainProcess:  

Start with config DATA:
  HISTORY_LENGTH: 4
  NUM_WORKERS: 8
DEVICE: cuda
DIRS:
  EXPERIMENT: /mnt/DATA/learning_stuffs/uni/20192/artificial intelligence/project/alpha-zero/runs/exp3
  OUTPUTS: /mnt/DATA/learning_stuffs/uni/20192/artificial intelligence/project/alpha-zero/runs/
EXPERIMENT: exp3
GAME:
  BOARD_SIZE: 8
  DEFAULT_PLAYER: 1
  NAME: othello
MCTS:
  C_PUCT: 0.1
  DIRICHLET_ALPHA: 0.03
  DIRICHLET_WEIGHT: 0.25
  NUM_SIMULATION_PER_STEP: 64
MODEL:
  BASE_CHANNELS: 128
  BOTTLENECK_CHANNELS: 32
  NORM_LAYER: bn2d
  NUM_BLOCKS: 19
SELF_PLAY:
  BATCH_SIZE: 8
  GAME_PER_ITER: 128
  NUM_WORKER: 4
  TEMP_THRESH: 30
SOLVER:
  BASE_LR: 0.001
  BATCH_SIZE: 64
  GD_STEPS: 1
  NUM_EPOCHS: 25
  NUM_ITERS: 25
  SAVE_CHECKPOINT_FREQ: 1
  WARMUP_EPOCHS: 1
  WEIGHT_DECAY: 0.01
2020-06-09 20:07:29,178:MainProcess:  

******** iter 1 **********
2020-06-09 20:07:29,178:MainProcess:  
***SELFPLAY***
2020-06-09 20:07:31,214:Selfplay-1:  started
2020-06-09 20:07:31,204:Selfplay-2:  started
2020-06-09 20:07:31,233:Selfplay-3:  started
2020-06-09 20:07:31,236:Selfplay-4:  started
2020-06-09 20:09:06,504:Selfplay-4:  001-th game: tree_size 3511 num_steps 60 winner: 1
2020-06-09 20:09:06,529:Selfplay-4:  002-th game: tree_size 3524 num_steps 60 winner: -1
2020-06-09 20:09:06,552:Selfplay-4:  003-th game: tree_size 3532 num_steps 60 winner: -1
2020-06-09 20:09:06,576:Selfplay-4:  004-th game: tree_size 3492 num_steps 60 winner: 1
2020-06-09 20:09:06,601:Selfplay-4:  005-th game: tree_size 3448 num_steps 60 winner: -1
2020-06-09 20:09:06,995:Selfplay-3:  006-th game: tree_size 3553 num_steps 60 winner: 1
2020-06-09 20:09:07,007:Selfplay-3:  007-th game: tree_size 3453 num_steps 60 winner: -1
2020-06-09 20:09:07,020:Selfplay-3:  008-th game: tree_size 3512 num_steps 60 winner: 1
2020-06-09 20:09:07,032:Selfplay-3:  009-th game: tree_size 3512 num_steps 60 winner: -1
2020-06-09 20:09:07,940:Selfplay-1:  010-th game: tree_size 3545 num_steps 60 winner: -1
2020-06-09 20:09:07,952:Selfplay-1:  011-th game: tree_size 3483 num_steps 60 winner: -1
2020-06-09 20:09:07,966:Selfplay-1:  012-th game: tree_size 3526 num_steps 60 winner: -1
2020-06-09 20:09:07,978:Selfplay-1:  013-th game: tree_size 3522 num_steps 60 winner: -1
2020-06-09 20:09:08,383:Selfplay-2:  014-th game: tree_size 3471 num_steps 60 winner: -1
2020-06-09 20:09:08,394:Selfplay-2:  015-th game: tree_size 3530 num_steps 60 winner: 1
2020-06-09 20:09:08,406:Selfplay-2:  016-th game: tree_size 3532 num_steps 60 winner: -1
2020-06-09 20:09:08,420:Selfplay-2:  017-th game: tree_size 3485 num_steps 60 winner: -1
2020-06-09 20:09:08,765:Selfplay-4:  018-th game: tree_size 3525 num_steps 61 winner: 1
2020-06-09 20:09:08,781:Selfplay-4:  019-th game: tree_size 3472 num_steps 61 winner: -1
2020-06-09 20:09:08,798:Selfplay-4:  020-th game: tree_size 3525 num_steps 61 winner: -1
2020-06-09 20:09:08,800:Selfplay-3:  021-th game: tree_size 3495 num_steps 61 winner: 1
2020-06-09 20:09:08,818:Selfplay-3:  022-th game: tree_size 3511 num_steps 61 winner: -1
2020-06-09 20:09:08,837:Selfplay-3:  023-th game: tree_size 3523 num_steps 61 winner: 1
2020-06-09 20:09:08,856:Selfplay-3:  024-th game: tree_size 3485 num_steps 61 winner: -1
2020-06-09 20:09:09,319:Selfplay-1:  025-th game: tree_size 3519 num_steps 61 winner: 1
2020-06-09 20:09:09,337:Selfplay-1:  026-th game: tree_size 3455 num_steps 61 winner: -1
2020-06-09 20:09:09,354:Selfplay-1:  027-th game: tree_size 3501 num_steps 61 winner: -1
2020-06-09 20:09:09,681:Selfplay-2:  028-th game: tree_size 3539 num_steps 61 winner: -1
2020-06-09 20:09:09,695:Selfplay-2:  029-th game: tree_size 3526 num_steps 61 winner: 1
2020-06-09 20:09:09,710:Selfplay-2:  030-th game: tree_size 3533 num_steps 61 winner: -1
2020-06-09 20:09:10,889:Selfplay-1:  031-th game: tree_size 3490 num_steps 62 winner: 1
2020-06-09 20:09:12,761:Selfplay-2:  032-th game: tree_size 3510 num_steps 63 winner: -1
2020-06-09 20:11:12,937:Selfplay-3:  033-th game: tree_size 3420 num_steps 60 winner: -1
2020-06-09 20:11:12,970:Selfplay-3:  034-th game: tree_size 3536 num_steps 60 winner: 1
2020-06-09 20:11:12,999:Selfplay-3:  035-th game: tree_size 3497 num_steps 60 winner: -1
2020-06-09 20:11:13,653:Selfplay-4:  036-th game: tree_size 3465 num_steps 60 winner: 1
2020-06-09 20:11:13,691:Selfplay-4:  037-th game: tree_size 3523 num_steps 60 winner: -1
2020-06-09 20:11:13,722:Selfplay-4:  038-th game: tree_size 3534 num_steps 60 winner: -1
2020-06-09 20:11:13,754:Selfplay-4:  039-th game: tree_size 3516 num_steps 60 winner: 1
2020-06-09 20:11:13,786:Selfplay-4:  040-th game: tree_size 3419 num_steps 60 winner: -1
2020-06-09 20:11:14,467:Selfplay-3:  041-th game: tree_size 3394 num_steps 60 winner: 1
2020-06-09 20:11:14,496:Selfplay-3:  042-th game: tree_size 3509 num_steps 60 winner: -1
2020-06-09 20:11:15,484:Selfplay-4:  043-th game: tree_size 3499 num_steps 60 winner: 1
2020-06-09 20:11:15,518:Selfplay-4:  044-th game: tree_size 3438 num_steps 60 winner: -1
2020-06-09 20:11:16,337:Selfplay-3:  045-th game: tree_size 3527 num_steps 61 winner: 1
2020-06-09 20:11:16,371:Selfplay-3:  046-th game: tree_size 3487 num_steps 62 winner: -1
2020-06-09 20:11:17,814:Selfplay-4:  047-th game: tree_size 3549 num_steps 61 winner: -1
2020-06-09 20:11:18,550:Selfplay-1:  048-th game: tree_size 3526 num_steps 60 winner: -1
2020-06-09 20:11:18,830:Selfplay-2:  049-th game: tree_size 3531 num_steps 60 winner: -1
2020-06-09 20:11:18,844:Selfplay-3:  050-th game: tree_size 3530 num_steps 62 winner: 1
2020-06-09 20:11:18,863:Selfplay-2:  051-th game: tree_size 3486 num_steps 60 winner: 1
2020-06-09 20:11:19,631:Selfplay-1:  052-th game: tree_size 3518 num_steps 61 winner: -1
2020-06-09 20:11:19,661:Selfplay-1:  053-th game: tree_size 3463 num_steps 60 winner: 1
2020-06-09 20:11:19,696:Selfplay-1:  054-th game: tree_size 3501 num_steps 60 winner: -1
2020-06-09 20:11:19,729:Selfplay-1:  055-th game: tree_size 3516 num_steps 61 winner: 1
2020-06-09 20:11:20,124:Selfplay-2:  056-th game: tree_size 3509 num_steps 60 winner: -1
2020-06-09 20:11:20,157:Selfplay-2:  057-th game: tree_size 3509 num_steps 61 winner: 1
2020-06-09 20:11:20,191:Selfplay-2:  058-th game: tree_size 3464 num_steps 60 winner: -1
2020-06-09 20:11:20,232:Selfplay-2:  059-th game: tree_size 3476 num_steps 60 winner: -1
2020-06-09 20:11:20,262:Selfplay-2:  060-th game: tree_size 3473 num_steps 61 winner: -1
2020-06-09 20:11:21,347:Selfplay-1:  061-th game: tree_size 3612 num_steps 62 winner: -1
2020-06-09 20:11:21,379:Selfplay-1:  062-th game: tree_size 3498 num_steps 60 winner: -1
2020-06-09 20:11:21,412:Selfplay-1:  063-th game: tree_size 3511 num_steps 61 winner: 1
2020-06-09 20:11:28,817:Selfplay-2:  064-th game: tree_size 3518 num_steps 62 winner: -1
2020-06-09 20:13:25,121:Selfplay-4:  065-th game: tree_size 3524 num_steps 60 winner: -1
2020-06-09 20:13:25,134:Selfplay-4:  066-th game: tree_size 3533 num_steps 60 winner: -1
2020-06-09 20:13:25,344:Selfplay-3:  067-th game: tree_size 3519 num_steps 60 winner: -1
2020-06-09 20:13:25,358:Selfplay-3:  068-th game: tree_size 3522 num_steps 60 winner: -1
2020-06-09 20:13:26,341:Selfplay-4:  069-th game: tree_size 3458 num_steps 61 winner: -1
2020-06-09 20:13:26,356:Selfplay-4:  070-th game: tree_size 3558 num_steps 60 winner: 1
2020-06-09 20:13:26,370:Selfplay-4:  071-th game: tree_size 3490 num_steps 61 winner: -1
2020-06-09 20:13:26,384:Selfplay-4:  072-th game: tree_size 3508 num_steps 60 winner: 1
2020-06-09 20:13:26,563:Selfplay-3:  073-th game: tree_size 3513 num_steps 60 winner: -1
2020-06-09 20:13:26,575:Selfplay-3:  074-th game: tree_size 3516 num_steps 60 winner: -1
2020-06-09 20:13:26,589:Selfplay-3:  075-th game: tree_size 3533 num_steps 61 winner: 1
2020-06-09 20:13:28,462:Selfplay-4:  076-th game: tree_size 3527 num_steps 62 winner: -1
2020-06-09 20:13:28,541:Selfplay-3:  077-th game: tree_size 3517 num_steps 60 winner: -1
2020-06-09 20:13:29,387:Selfplay-1:  078-th game: tree_size 3552 num_steps 60 winner: -1
2020-06-09 20:13:29,404:Selfplay-1:  079-th game: tree_size 3561 num_steps 60 winner: 1
2020-06-09 20:13:29,415:Selfplay-1:  080-th game: tree_size 3527 num_steps 61 winner: -1
2020-06-09 20:13:30,505:Selfplay-3:  081-th game: tree_size 3497 num_steps 61 winner: -1
2020-06-09 20:13:30,592:Selfplay-4:  082-th game: tree_size 3483 num_steps 61 winner: -1
2020-06-09 20:13:30,626:Selfplay-1:  083-th game: tree_size 3561 num_steps 61 winner: -1
2020-06-09 20:13:30,639:Selfplay-1:  084-th game: tree_size 3531 num_steps 60 winner: -1
2020-06-09 20:13:30,655:Selfplay-1:  085-th game: tree_size 3476 num_steps 60 winner: 1
2020-06-09 20:13:30,990:Selfplay-2:  086-th game: tree_size 3499 num_steps 60 winner: 1
2020-06-09 20:13:31,008:Selfplay-2:  087-th game: tree_size 3497 num_steps 60 winner: -1
2020-06-09 20:13:31,971:Selfplay-2:  088-th game: tree_size 3523 num_steps 60 winner: -1
2020-06-09 20:13:31,984:Selfplay-2:  089-th game: tree_size 3492 num_steps 60 winner: -1
2020-06-09 20:13:32,250:Selfplay-1:  090-th game: tree_size 3400 num_steps 61 winner: -1
2020-06-09 20:13:32,262:Selfplay-1:  091-th game: tree_size 3519 num_steps 62 winner: -1
2020-06-09 20:13:32,268:Selfplay-3:  092-th game: tree_size 3523 num_steps 61 winner: 1
2020-06-09 20:13:33,127:Selfplay-2:  093-th game: tree_size 3531 num_steps 61 winner: 1
2020-06-09 20:13:33,141:Selfplay-2:  094-th game: tree_size 3459 num_steps 61 winner: -1
2020-06-09 20:13:33,157:Selfplay-2:  095-th game: tree_size 3545 num_steps 61 winner: -1
2020-06-09 20:13:40,580:Selfplay-2:  096-th game: tree_size 3448 num_steps 62 winner: -1
2020-06-09 20:16:05,662:Selfplay-4:  097-th game: tree_size 3550 num_steps 60 winner: 1
2020-06-09 20:16:05,674:Selfplay-4:  098-th game: tree_size 3520 num_steps 60 winner: -1
2020-06-09 20:16:06,998:Selfplay-3:  099-th game: tree_size 3498 num_steps 60 winner: -1
2020-06-09 20:16:07,008:Selfplay-3:  100-th game: tree_size 3474 num_steps 59 winner: 1
2020-06-09 20:16:07,061:Selfplay-4:  101-th game: tree_size 3462 num_steps 60 winner: 1
2020-06-09 20:16:08,399:Selfplay-3:  102-th game: tree_size 3460 num_steps 60 winner: 1
2020-06-09 20:16:08,411:Selfplay-3:  103-th game: tree_size 3561 num_steps 61 winner: -1
2020-06-09 20:16:08,649:Selfplay-4:  104-th game: tree_size 3586 num_steps 61 winner: -1
2020-06-09 20:16:08,660:Selfplay-4:  105-th game: tree_size 3511 num_steps 61 winner: 1
2020-06-09 20:16:08,671:Selfplay-4:  106-th game: tree_size 3475 num_steps 61 winner: -1
2020-06-09 20:16:08,958:Selfplay-1:  107-th game: tree_size 3452 num_steps 60 winner: 1
2020-06-09 20:16:08,972:Selfplay-1:  108-th game: tree_size 3518 num_steps 60 winner: -1
2020-06-09 20:16:08,983:Selfplay-1:  109-th game: tree_size 3478 num_steps 60 winner: -1
2020-06-09 20:16:09,908:Selfplay-3:  110-th game: tree_size 3510 num_steps 61 winner: -1
2020-06-09 20:16:09,919:Selfplay-3:  111-th game: tree_size 3473 num_steps 60 winner: 1
2020-06-09 20:16:10,168:Selfplay-1:  112-th game: tree_size 3478 num_steps 60 winner: 1
2020-06-09 20:16:10,179:Selfplay-1:  113-th game: tree_size 3510 num_steps 60 winner: -1
2020-06-09 20:16:10,414:Selfplay-4:  114-th game: tree_size 3478 num_steps 61 winner: -1
2020-06-09 20:16:11,697:Selfplay-1:  115-th game: tree_size 3518 num_steps 60 winner: -1
2020-06-09 20:16:11,708:Selfplay-1:  116-th game: tree_size 3485 num_steps 60 winner: -1
2020-06-09 20:16:11,719:Selfplay-1:  117-th game: tree_size 3553 num_steps 61 winner: -1
2020-06-09 20:16:12,130:Selfplay-4:  118-th game: tree_size 3464 num_steps 61 winner: -1
2020-06-09 20:16:12,673:Selfplay-2:  119-th game: tree_size 3498 num_steps 60 winner: 1
2020-06-09 20:16:13,194:Selfplay-3:  120-th game: tree_size 3515 num_steps 61 winner: -1
2020-06-09 20:16:13,657:Selfplay-2:  121-th game: tree_size 3454 num_steps 61 winner: -1
2020-06-09 20:16:14,839:Selfplay-3:  122-th game: tree_size 3521 num_steps 61 winner: 1
2020-06-09 20:16:14,840:Selfplay-2:  123-th game: tree_size 3463 num_steps 60 winner: 1
2020-06-09 20:16:14,855:Selfplay-2:  124-th game: tree_size 3497 num_steps 61 winner: 1
2020-06-09 20:16:14,870:Selfplay-2:  125-th game: tree_size 3520 num_steps 60 winner: -1
2020-06-09 20:16:14,886:Selfplay-2:  126-th game: tree_size 3493 num_steps 61 winner: -1
2020-06-09 20:16:17,871:Selfplay-2:  127-th game: tree_size 3430 num_steps 62 winner: -1
2020-06-09 20:16:22,316:Selfplay-2:  128-th game: tree_size 3526 num_steps 60 winner: -1
2020-06-09 20:16:22,325:Selfplay-2:  finished, runned 32 games
2020-06-09 20:16:22,483:Selfplay-3:  finished, runned 32 games
2020-06-09 20:16:22,625:Selfplay-1:  finished, runned 32 games
2020-06-09 20:16:22,803:Selfplay-4:  finished, runned 32 games
2020-06-09 20:16:22,804:MainProcess:  selfplay time: 533.6251(533.6251)
2020-06-09 20:16:22,804:MainProcess:  collecting 7745 samples
2020-06-09 20:16:23,281:MainProcess:  saved new data to /mnt/DATA/learning_stuffs/uni/20192/artificial intelligence/project/alpha-zero/runs/exp3/training_data/iter_001_007745_samples.pth
2020-06-09 20:16:23,630:MainProcess:  
***TRAIN MODEL***
2020-06-09 20:16:23,633:MainProcess:  loaded 7746 samples
