2020-06-09 07:10:26,128:main:  turn: 1
[[ 0  0  0  0  0  0  0  0]
 [ 0  0  0  0  0  0  0  0]
 [ 0  0  0  0  0  0  0  0]
 [ 0  0  0 -1  1  0  0  0]
 [ 0  0  0  1 -1  0  0  0]
 [ 0  0  0  0  0  0  0  0]
 [ 0  0  0  0  0  0  0  0]
 [ 0  0  0  0  0  0  0  0]]
end_game: 0
player: 1
action: None
2020-06-09 07:10:27,583:main:  turn: 2
[[ 0  0  0  0  0  0  0  0]
 [ 0  0  0  0  0  0  0  0]
 [ 0  0  0  1  0  0  0  0]
 [ 0  0  0  1  1  0  0  0]
 [ 0  0  0  1 -1  0  0  0]
 [ 0  0  0  0  0  0  0  0]
 [ 0  0  0  0  0  0  0  0]
 [ 0  0  0  0  0  0  0  0]]
end_game: 0
player: -1
action: (3, 2)
2020-06-09 07:10:30,645:main:  turn: 3
[[ 0  0  0  0  0  0  0  0]
 [ 0  0  0  0  0  0  0  0]
 [ 0  0 -1  1  0  0  0  0]
 [ 0  0  0 -1  1  0  0  0]
 [ 0  0  0  1 -1  0  0  0]
 [ 0  0  0  0  0  0  0  0]
 [ 0  0  0  0  0  0  0  0]
 [ 0  0  0  0  0  0  0  0]]
end_game: 0
player: 1
action: (2, 2)
2020-06-09 07:10:31,262:main:  turn: 4
[[ 0  0  0  0  0  0  0  0]
 [ 0  0  0  0  0  0  0  0]
 [ 0  0 -1  1  0  0  0  0]
 [ 0  0  1  1  1  0  0  0]
 [ 0  0  0  1 -1  0  0  0]
 [ 0  0  0  0  0  0  0  0]
 [ 0  0  0  0  0  0  0  0]
 [ 0  0  0  0  0  0  0  0]]
end_game: 0
player: -1
action: (2, 3)
2020-06-09 07:10:32,982:main:  turn: 5
[[ 0  0  0  0  0  0  0  0]
 [ 0  0  0  0  0  0  0  0]
 [ 0  0 -1  1  0  0  0  0]
 [ 0  0 -1  1  1  0  0  0]
 [ 0  0 -1 -1 -1  0  0  0]
 [ 0  0  0  0  0  0  0  0]
 [ 0  0  0  0  0  0  0  0]
 [ 0  0  0  0  0  0  0  0]]
end_game: 0
player: 1
action: (2, 4)
2020-06-09 07:10:33,569:main:  turn: 6
[[ 0  0  0  0  0  0  0  0]
 [ 0  0  0  0  0  0  0  0]
 [ 0  1  1  1  0  0  0  0]
 [ 0  0 -1  1  1  0  0  0]
 [ 0  0 -1 -1 -1  0  0  0]
 [ 0  0  0  0  0  0  0  0]
 [ 0  0  0  0  0  0  0  0]
 [ 0  0  0  0  0  0  0  0]]
end_game: 0
player: -1
action: (1, 2)
2020-06-09 07:10:35,170:main:  turn: 7
[[ 0  0  0  0  0  0  0  0]
 [ 0  0 -1  0  0  0  0  0]
 [ 0  1 -1  1  0  0  0  0]
 [ 0  0 -1  1  1  0  0  0]
 [ 0  0 -1 -1 -1  0  0  0]
 [ 0  0  0  0  0  0  0  0]
 [ 0  0  0  0  0  0  0  0]
 [ 0  0  0  0  0  0  0  0]]
end_game: 0
player: 1
action: (2, 1)
2020-06-09 07:10:35,761:main:  turn: 8
[[ 0  0  0  0  0  0  0  0]
 [ 0  0 -1  0  0  0  0  0]
 [ 0  1 -1  1  0  0  0  0]
 [ 0  1  1  1  1  0  0  0]
 [ 0  0 -1 -1 -1  0  0  0]
 [ 0  0  0  0  0  0  0  0]
 [ 0  0  0  0  0  0  0  0]
 [ 0  0  0  0  0  0  0  0]]
end_game: 0
player: -1
action: (1, 3)
2020-06-09 07:10:38,182:main:  turn: 9
[[ 0  0  0  0  0  0  0  0]
 [-1  0 -1  0  0  0  0  0]
 [ 0 -1 -1  1  0  0  0  0]
 [ 0  1 -1  1  1  0  0  0]
 [ 0  0 -1 -1 -1  0  0  0]
 [ 0  0  0  0  0  0  0  0]
 [ 0  0  0  0  0  0  0  0]
 [ 0  0  0  0  0  0  0  0]]
end_game: 0
player: 1
action: (0, 1)
2020-06-09 07:10:38,782:main:  turn: 10
[[ 0  0  0  0  0  0  0  0]
 [-1  0 -1  0  0  0  0  0]
 [ 0 -1 -1  1  0  0  0  0]
 [ 0  1  1  1  1  0  0  0]
 [ 0  1 -1 -1 -1  0  0  0]
 [ 0  0  0  0  0  0  0  0]
 [ 0  0  0  0  0  0  0  0]
 [ 0  0  0  0  0  0  0  0]]
end_game: 0
player: -1
action: (1, 4)
2020-06-09 07:10:41,023:main:  turn: 11
[[ 0  0  0  0  0  0  0  0]
 [ 0  0 -1  0  0  0  0  0]
 [ 0  1 -1  1  0  0  0  0]
 [ 0  1  1  1  1  0  0  0]
 [ 0  0 -1 -1 -1  0  0  0]
 [ 0  0  0  0  0  0  0  0]
 [ 0  0  0  0  0  0  0  0]
 [ 0  0  0  0  0  0  0  0]]
end_game: 0
player: -1
action: (1, 3)
2020-06-09 07:10:42,810:main:  turn: 12
[[ 0  0  0  0  0  0  0  0]
 [ 0  0  0  0  0  0  0  0]
 [ 0  1  1  1  0  0  0  0]
 [ 0  0 -1  1  1  0  0  0]
 [ 0  0 -1 -1 -1  0  0  0]
 [ 0  0  0  0  0  0  0  0]
 [ 0  0  0  0  0  0  0  0]
 [ 0  0  0  0  0  0  0  0]]
end_game: 0
player: -1
action: (1, 2)
2020-06-09 07:10:44,543:main:  turn: 13
[[ 0  0  0  0  0  0  0  0]
 [ 0  0  0  0  0  0  0  0]
 [ 0  0 -1  1  0  0  0  0]
 [ 0  0  1  1  1  0  0  0]
 [ 0  0  0  1 -1  0  0  0]
 [ 0  0  0  0  0  0  0  0]
 [ 0  0  0  0  0  0  0  0]
 [ 0  0  0  0  0  0  0  0]]
end_game: 0
player: -1
action: (2, 3)
2020-06-09 07:10:45,831:main:  turn: 14
[[ 0  0  0  0  0  0  0  0]
 [ 0  0  0  0  0  0  0  0]
 [ 0  0  0  1  0  0  0  0]
 [ 0  0  0  1  1  0  0  0]
 [ 0  0  0  1 -1  0  0  0]
 [ 0  0  0  0  0  0  0  0]
 [ 0  0  0  0  0  0  0  0]
 [ 0  0  0  0  0  0  0  0]]
end_game: 0
player: -1
action: (3, 2)
2020-06-09 07:11:08,062:main:  turn: 15
[[ 0  0  0  0  0  0  0  0]
 [ 0  0  0  0  0  0  0  0]
 [ 0  0 -1  1  0  0  0  0]
 [ 0  0  0 -1  1  0  0  0]
 [ 0  0  0  1 -1  0  0  0]
 [ 0  0  0  0  0  0  0  0]
 [ 0  0  0  0  0  0  0  0]
 [ 0  0  0  0  0  0  0  0]]
end_game: 0
player: 1
action: (2, 2)
2020-06-09 07:11:08,929:main:  turn: 16
[[ 0  0  0  0  0  0  0  0]
 [ 0  0  0  0  0  0  0  0]
 [ 0  0 -1  1  0  0  0  0]
 [ 0  0  1  1  1  0  0  0]
 [ 0  0  0  1 -1  0  0  0]
 [ 0  0  0  0  0  0  0  0]
 [ 0  0  0  0  0  0  0  0]
 [ 0  0  0  0  0  0  0  0]]
end_game: 0
player: -1
action: (2, 3)
2020-06-09 07:11:10,633:main:  turn: 17
[[ 0  0  0  0  0  0  0  0]
 [ 0  0  0  0  0  0  0  0]
 [ 0  0 -1 -1 -1  0  0  0]
 [ 0  0  1  1 -1  0  0  0]
 [ 0  0  0  1 -1  0  0  0]
 [ 0  0  0  0  0  0  0  0]
 [ 0  0  0  0  0  0  0  0]
 [ 0  0  0  0  0  0  0  0]]
end_game: 0
player: 1
action: (4, 2)
2020-06-09 07:11:11,241:main:  turn: 18
[[ 0  0  0  0  0  0  0  0]
 [ 0  0  0  1  0  0  0  0]
 [ 0  0 -1  1 -1  0  0  0]
 [ 0  0  1  1 -1  0  0  0]
 [ 0  0  0  1 -1  0  0  0]
 [ 0  0  0  0  0  0  0  0]
 [ 0  0  0  0  0  0  0  0]
 [ 0  0  0  0  0  0  0  0]]
end_game: 0
player: -1
action: (3, 1)
2020-06-09 07:11:12,778:main:  turn: 19
[[ 0  0 -1  0  0  0  0  0]
 [ 0  0  0 -1  0  0  0  0]
 [ 0  0 -1  1 -1  0  0  0]
 [ 0  0  1  1 -1  0  0  0]
 [ 0  0  0  1 -1  0  0  0]
 [ 0  0  0  0  0  0  0  0]
 [ 0  0  0  0  0  0  0  0]
 [ 0  0  0  0  0  0  0  0]]
end_game: 0
player: 1
action: (2, 0)
2020-06-09 07:11:13,366:main:  turn: 20
[[ 0  0 -1  0  0  0  0  0]
 [ 0  0  0 -1  0  0  0  0]
 [ 0  0 -1  1 -1  0  0  0]
 [ 0  0  1  1  1  1  0  0]
 [ 0  0  0  1 -1  0  0  0]
 [ 0  0  0  0  0  0  0  0]
 [ 0  0  0  0  0  0  0  0]
 [ 0  0  0  0  0  0  0  0]]
end_game: 0
player: -1
action: (5, 3)
2020-06-09 07:11:15,753:main:  turn: 21
[[ 0  0 -1  0  0  0  0  0]
 [ 0  0  0 -1  0  0  0  0]
 [ 0  0 -1  1 -1  0  0  0]
 [ 0  0 -1 -1  1  1  0  0]
 [ 0  0 -1 -1 -1  0  0  0]
 [ 0  0  0  0  0  0  0  0]
 [ 0  0  0  0  0  0  0  0]
 [ 0  0  0  0  0  0  0  0]]
end_game: 0
player: 1
action: (2, 4)
2020-06-09 07:11:16,349:main:  turn: 22
[[ 0  0 -1  0  0  0  0  0]
 [ 0  0  0 -1  0  0  0  0]
 [ 0  0 -1  1  1  1  0  0]
 [ 0  0 -1 -1  1  1  0  0]
 [ 0  0 -1 -1 -1  0  0  0]
 [ 0  0  0  0  0  0  0  0]
 [ 0  0  0  0  0  0  0  0]
 [ 0  0  0  0  0  0  0  0]]
end_game: 0
player: -1
action: (5, 2)
2020-06-09 07:11:19,853:main:  turn: 23
[[ 0  0 -1  0  0  0  0  0]
 [ 0  0  0 -1  0  0  0  0]
 [ 0  0 -1  1  1  1  0  0]
 [ 0  0 -1 -1 -1 -1 -1  0]
 [ 0  0 -1 -1 -1  0  0  0]
 [ 0  0  0  0  0  0  0  0]
 [ 0  0  0  0  0  0  0  0]
 [ 0  0  0  0  0  0  0  0]]
end_game: 0
player: 1
action: (6, 3)
2020-06-09 07:11:20,482:main:  turn: 24
[[ 0  0 -1  1  0  0  0  0]
 [ 0  0  0  1  0  0  0  0]
 [ 0  0 -1  1  1  1  0  0]
 [ 0  0 -1 -1 -1 -1 -1  0]
 [ 0  0 -1 -1 -1  0  0  0]
 [ 0  0  0  0  0  0  0  0]
 [ 0  0  0  0  0  0  0  0]
 [ 0  0  0  0  0  0  0  0]]
end_game: 0
player: -1
action: (3, 0)
2020-06-09 07:11:31,630:main:  turn: 25
[[ 0  0 -1  1  0  0  0  0]
 [ 0  0 -1  1  0  0  0  0]
 [ 0  0 -1 -1  1  1  0  0]
 [ 0  0 -1 -1 -1 -1 -1  0]
 [ 0  0 -1 -1 -1  0  0  0]
 [ 0  0  0  0  0  0  0  0]
 [ 0  0  0  0  0  0  0  0]
 [ 0  0  0  0  0  0  0  0]]
end_game: 0
player: 1
action: (2, 1)
2020-06-09 07:11:32,234:main:  turn: 26
[[ 0  0 -1  1  0  0  0  0]
 [ 0  0 -1  1  0  0  0  0]
 [ 0  0 -1 -1  1  1  0  0]
 [ 0  0 -1 -1 -1  1 -1  0]
 [ 0  0 -1 -1 -1  0  1  0]
 [ 0  0  0  0  0  0  0  0]
 [ 0  0  0  0  0  0  0  0]
 [ 0  0  0  0  0  0  0  0]]
end_game: 0
player: -1
action: (6, 4)
2020-06-09 07:11:36,522:main:  turn: 27
[[ 0  0 -1  1  0  0  0  0]
 [ 0  0 -1 -1  0  0  0  0]
 [ 0  0 -1 -1 -1  1  0  0]
 [ 0  0 -1 -1 -1 -1 -1  0]
 [ 0  0 -1 -1 -1  0 -1  0]
 [ 0  0  0  0  0  0  0 -1]
 [ 0  0  0  0  0  0  0  0]
 [ 0  0  0  0  0  0  0  0]]
end_game: 0
player: 1
action: (7, 5)
2020-06-09 07:11:37,109:main:  turn: 28
[[ 0  0 -1  1  0  0  0  0]
 [ 0  0 -1 -1  0  0  0  0]
 [ 0  0 -1 -1 -1  1  0  0]
 [ 0  0 -1 -1 -1  1 -1  0]
 [ 0  0 -1 -1 -1  1 -1  0]
 [ 0  0  0  0  0  0  0 -1]
 [ 0  0  0  0  0  0  0  0]
 [ 0  0  0  0  0  0  0  0]]
end_game: 0
player: -1
action: (5, 4)
2020-06-09 07:11:40,017:main:  turn: 29
[[ 0  0 -1  1  0  0  0  0]
 [ 0  0 -1 -1 -1  0  0  0]
 [ 0  0 -1 -1 -1 -1  0  0]
 [ 0  0 -1 -1 -1  1 -1  0]
 [ 0  0 -1 -1 -1  1 -1  0]
 [ 0  0  0  0  0  0  0 -1]
 [ 0  0  0  0  0  0  0  0]
 [ 0  0  0  0  0  0  0  0]]
end_game: 0
player: 1
action: (4, 1)
2020-06-09 07:11:41,634:main:  turn: 30
[[ 0  1  1  1  0  0  0  0]
 [ 0  0  1 -1 -1  0  0  0]
 [ 0  0 -1  1 -1 -1  0  0]
 [ 0  0 -1 -1  1  1 -1  0]
 [ 0  0 -1 -1 -1  1 -1  0]
 [ 0  0  0  0  0  0  0 -1]
 [ 0  0  0  0  0  0  0  0]
 [ 0  0  0  0  0  0  0  0]]
end_game: 0
player: -1
action: (1, 0)
2020-06-09 07:11:44,521:main:  turn: 31
[[ 0  1  1  1  0  0  0  0]
 [ 0  0  1 -1 -1  0  0  0]
 [ 0  0 -1  1 -1 -1 -1  0]
 [ 0  0 -1 -1  1 -1 -1  0]
 [ 0  0 -1 -1 -1  1 -1  0]
 [ 0  0  0  0  0  0  0 -1]
 [ 0  0  0  0  0  0  0  0]
 [ 0  0  0  0  0  0  0  0]]
end_game: 0
player: 1
action: (6, 2)
2020-06-09 07:11:45,133:main:  turn: 32
[[ 0  1  1  1  0  0  0  0]
 [ 0  0  1 -1 -1  0  0  0]
 [ 0  0 -1  1 -1 -1 -1  0]
 [ 0  0 -1 -1  1 -1 -1  0]
 [ 0  0 -1 -1  1  1 -1  0]
 [ 0  0  0  0  1  0  0 -1]
 [ 0  0  0  0  0  0  0  0]
 [ 0  0  0  0  0  0  0  0]]
end_game: 0
player: -1
action: (4, 5)
2020-06-09 07:11:47,642:main:  turn: 33
[[ 0  1  1  1  0  0  0  0]
 [ 0  0  1 -1 -1  0  0  0]
 [ 0  0 -1  1 -1 -1 -1  0]
 [ 0  0 -1 -1  1 -1 -1  0]
 [ 0  0 -1 -1 -1 -1 -1  0]
 [ 0  0  0  0  1 -1  0 -1]
 [ 0  0  0  0  0  0  0  0]
 [ 0  0  0  0  0  0  0  0]]
end_game: 0
player: 1
action: (5, 5)
2020-06-09 07:11:48,579:main:  turn: 34
[[ 0  1  1  1  0  0  0  0]
 [ 0  0  1 -1 -1  0  0  0]
 [ 0  0 -1  1 -1 -1 -1  0]
 [ 0  0 -1 -1  1 -1 -1  0]
 [ 0  0 -1 -1 -1  1 -1  0]
 [ 0  0  0  0  1  1  1 -1]
 [ 0  0  0  0  0  0  0  0]
 [ 0  0  0  0  0  0  0  0]]
end_game: 0
player: -1
action: (6, 5)
2020-06-09 07:11:51,903:main:  turn: 35
[[ 0  1  1  1  0  0  0  0]
 [ 0  0  1 -1 -1  0  0  0]
 [ 0  0 -1  1 -1 -1 -1  0]
 [ 0  0 -1 -1  1 -1 -1  0]
 [ 0  0 -1 -1 -1  1 -1  0]
 [ 0  0  0 -1 -1 -1 -1 -1]
 [ 0  0  0  0  0  0  0  0]
 [ 0  0  0  0  0  0  0  0]]
end_game: 0
player: 1
action: (3, 5)
2020-06-09 07:11:53,503:main:  turn: 36
[[ 0  1  1  1  0  0  0  0]
 [ 0  0  1  1  1  1  0  0]
 [ 0  0 -1  1 -1  1 -1  0]
 [ 0  0 -1 -1  1  1 -1  0]
 [ 0  0 -1 -1 -1  1 -1  0]
 [ 0  0  0 -1 -1 -1 -1 -1]
 [ 0  0  0  0  0  0  0  0]
 [ 0  0  0  0  0  0  0  0]]
end_game: 0
player: -1
action: (5, 1)
2020-06-09 07:11:57,653:main:  turn: 37
[[ 0  1  1  1  0 -1  0  0]
 [ 0  0  1  1 -1 -1  0  0]
 [ 0  0 -1 -1 -1 -1 -1  0]
 [ 0  0 -1 -1  1 -1 -1  0]
 [ 0  0 -1 -1 -1 -1 -1  0]
 [ 0  0  0 -1 -1 -1 -1 -1]
 [ 0  0  0  0  0  0  0  0]
 [ 0  0  0  0  0  0  0  0]]
end_game: 0
player: 1
action: (5, 0)
2020-06-09 07:11:59,294:main:  turn: 38
[[ 0  1  1  1  0 -1  0  0]
 [ 0  0  1  1 -1 -1  0  0]
 [ 0  0  1 -1 -1 -1 -1  0]
 [ 0  0  1 -1  1 -1 -1  0]
 [ 0  0  1  1 -1 -1 -1  0]
 [ 0  0  1 -1 -1 -1 -1 -1]
 [ 0  0  0  0  0  0  0  0]
 [ 0  0  0  0  0  0  0  0]]
end_game: 0
player: -1
action: (2, 5)
2020-06-09 07:12:02,631:main:  turn: 39
[[ 0  1  1  1  0 -1  0  0]
 [ 0  0  1  1 -1 -1  0  0]
 [ 0  0  1 -1 -1 -1 -1  0]
 [ 0  0 -1 -1  1 -1 -1  0]
 [ 0 -1 -1 -1 -1 -1 -1  0]
 [ 0  0  1 -1 -1 -1 -1 -1]
 [ 0  0  0  0  0  0  0  0]
 [ 0  0  0  0  0  0  0  0]]
end_game: 0
player: 1
action: (1, 4)
2020-06-09 07:12:03,652:main:  turn: 40
[[ 0  1  1  1  0 -1  0  0]
 [ 0  0  1  1 -1 -1  0  0]
 [ 0  0  1 -1 -1 -1 -1  0]
 [ 0  1  1  1  1 -1 -1  0]
 [ 0 -1 -1 -1 -1 -1 -1  0]
 [ 0  0  1 -1 -1 -1 -1 -1]
 [ 0  0  0  0  0  0  0  0]
 [ 0  0  0  0  0  0  0  0]]
end_game: 0
player: -1
action: (1, 3)
2020-06-09 07:12:05,810:main:  turn: 41
[[ 0  1  1  1  0 -1  0  0]
 [ 0  0  1  1 -1 -1  0  0]
 [-1  0  1 -1 -1 -1 -1  0]
 [ 0 -1  1  1  1 -1 -1  0]
 [ 0 -1 -1 -1 -1 -1 -1  0]
 [ 0  0  1 -1 -1 -1 -1 -1]
 [ 0  0  0  0  0  0  0  0]
 [ 0  0  0  0  0  0  0  0]]
end_game: 0
player: 1
action: (0, 2)
2020-06-09 07:12:06,427:main:  turn: 42
[[ 0  1  1  1  0 -1  0  0]
 [ 0  0  1  1 -1 -1  0  0]
 [-1  0  1 -1 -1 -1 -1  0]
 [ 0 -1  1  1  1 -1 -1  0]
 [ 0  1 -1 -1 -1 -1 -1  0]
 [ 1  0  1 -1 -1 -1 -1 -1]
 [ 0  0  0  0  0  0  0  0]
 [ 0  0  0  0  0  0  0  0]]
end_game: 0
player: -1
action: (0, 5)
2020-06-09 07:12:11,034:main:  turn: 43
[[ 0  1  1  1  0 -1  0  0]
 [ 0  0  1  1 -1 -1  0  0]
 [-1 -1 -1 -1 -1 -1 -1  0]
 [ 0 -1 -1  1  1 -1 -1  0]
 [ 0  1 -1 -1 -1 -1 -1  0]
 [ 1  0  1 -1 -1 -1 -1 -1]
 [ 0  0  0  0  0  0  0  0]
 [ 0  0  0  0  0  0  0  0]]
end_game: 0
player: 1
action: (1, 2)
2020-06-09 07:12:11,656:main:  turn: 44
[[ 0  1  1  1  0 -1  0  0]
 [ 0  0  1  1 -1 -1  0  0]
 [-1 -1 -1 -1 -1 -1 -1  0]
 [ 0 -1 -1  1  1 -1 -1  0]
 [ 0  1  1 -1 -1 -1 -1  0]
 [ 1  1  1 -1 -1 -1 -1 -1]
 [ 0  0  0  0  0  0  0  0]
 [ 0  0  0  0  0  0  0  0]]
end_game: 0
player: -1
action: (1, 5)
2020-06-09 07:12:18,534:main:  turn: 45
[[ 0  1  1  1  0 -1  0  0]
 [ 0  0  1  1 -1 -1  0  0]
 [-1 -1 -1 -1 -1 -1 -1  0]
 [ 0 -1 -1  1  1 -1 -1  0]
 [-1 -1 -1 -1 -1 -1 -1  0]
 [ 1  1  1 -1 -1 -1 -1 -1]
 [ 0  0  0  0  0  0  0  0]
 [ 0  0  0  0  0  0  0  0]]
end_game: 0
player: 1
action: (0, 4)
2020-06-09 07:12:20,488:main:  turn: 46
[[ 0  1  1  1  0 -1  0  0]
 [ 0  0  1  1 -1 -1  0  0]
 [-1  1 -1 -1 -1 -1 -1  0]
 [ 1  1  1  1  1 -1 -1  0]
 [ 1  1 -1 -1 -1 -1 -1  0]
 [ 1  1  1 -1 -1 -1 -1 -1]
 [ 0  0  0  0  0  0  0  0]
 [ 0  0  0  0  0  0  0  0]]
end_game: 0
player: -1
action: (0, 3)
2020-06-09 07:12:27,275:main:  turn: 47
[[ 0  1  1  1  0 -1  0  0]
 [ 0  0  1  1 -1 -1  0  0]
 [-1  1 -1 -1 -1 -1 -1  0]
 [-1  1  1  1  1 -1 -1  0]
 [-1  1 -1 -1 -1 -1 -1  0]
 [-1 -1  1 -1 -1 -1 -1 -1]
 [-1  0  0  0  0  0  0  0]
 [ 0  0  0  0  0  0  0  0]]
end_game: 0
player: 1
action: (0, 6)
2020-06-09 07:12:27,912:main:  turn: 48
[[ 0  1  1  1  0 -1  0  0]
 [ 0  1  1  1 -1 -1  0  0]
 [-1  1  1 -1 -1 -1 -1  0]
 [-1  1  1  1  1 -1 -1  0]
 [-1  1 -1 -1 -1 -1 -1  0]
 [-1 -1  1 -1 -1 -1 -1 -1]
 [-1  0  0  0  0  0  0  0]
 [ 0  0  0  0  0  0  0  0]]
end_game: 0
player: -1
action: (1, 1)
2020-06-09 07:12:54,776:main:  turn: 49
[[ 0  1  1  1  0 -1  0  0]
 [ 0  1  1  1 -1 -1  0  0]
 [-1  1  1 -1 -1 -1 -1  0]
 [-1  1  1  1  1 -1 -1  0]
 [-1 -1 -1 -1 -1 -1 -1  0]
 [-1 -1 -1 -1 -1 -1 -1 -1]
 [-1  0  0 -1  0  0  0  0]
 [ 0  0  0  0  0  0  0  0]]
end_game: 0
player: 1
action: (3, 6)
2020-06-09 07:12:56,051:main:  turn: 50
[[ 0  1  1  1  1 -1  0  0]
 [ 0  1  1  1  1 -1  0  0]
 [-1  1  1 -1  1 -1 -1  0]
 [-1  1  1  1  1 -1 -1  0]
 [-1 -1 -1 -1 -1 -1 -1  0]
 [-1 -1 -1 -1 -1 -1 -1 -1]
 [-1  0  0 -1  0  0  0  0]
 [ 0  0  0  0  0  0  0  0]]
end_game: 0
player: -1
action: (4, 0)
2020-06-09 07:13:01,838:main:  turn: 51
[[-1 -1 -1 -1 -1 -1  0  0]
 [ 0 -1  1  1  1 -1  0  0]
 [-1  1 -1 -1  1 -1 -1  0]
 [-1  1  1 -1  1 -1 -1  0]
 [-1 -1 -1 -1 -1 -1 -1  0]
 [-1 -1 -1 -1 -1 -1 -1 -1]
 [-1  0  0 -1  0  0  0  0]
 [ 0  0  0  0  0  0  0  0]]
end_game: 0
player: 1
action: (0, 0)
2020-06-09 07:13:02,529:main:  turn: 52
[[-1 -1 -1 -1 -1 -1  0  0]
 [ 1  1  1  1  1 -1  0  0]
 [-1  1 -1 -1  1 -1 -1  0]
 [-1  1  1 -1  1 -1 -1  0]
 [-1 -1 -1 -1 -1 -1 -1  0]
 [-1 -1 -1 -1 -1 -1 -1 -1]
 [-1  0  0 -1  0  0  0  0]
 [ 0  0  0  0  0  0  0  0]]
end_game: 0
player: -1
action: (0, 1)
2020-06-09 07:13:07,542:main:  turn: 53
[[-1 -1 -1 -1 -1 -1  0  0]
 [ 1  1  1  1  1 -1  0  0]
 [-1  1 -1 -1  1 -1 -1  0]
 [-1  1  1 -1  1 -1 -1  0]
 [-1 -1 -1 -1 -1 -1 -1  0]
 [-1 -1 -1 -1 -1 -1 -1 -1]
 [-1  0  0 -1  0  0  0  0]
 [ 0  0  0  0  0  0  0  0]]
end_game: 0
player: 1
action: None
2020-06-09 07:13:09,537:main:  turn: 54
[[-1 -1 -1 -1 -1 -1  0  0]
 [ 1  1  1  1  1 -1  0  0]
 [ 1  1 -1 -1  1 -1 -1  0]
 [ 1  1  1 -1  1 -1 -1  0]
 [ 1 -1 -1 -1 -1 -1 -1  0]
 [ 1 -1 -1 -1 -1 -1 -1 -1]
 [ 1  0  0 -1  0  0  0  0]
 [ 1  0  0  0  0  0  0  0]]
end_game: 0
player: -1
action: (0, 7)
2020-06-09 07:13:14,549:main:  turn: 55
[[-1 -1 -1 -1 -1 -1  0  0]
 [ 1  1  1  1  1 -1  0  0]
 [ 1  1 -1 -1  1 -1 -1  0]
 [ 1  1  1 -1  1 -1 -1  0]
 [ 1 -1 -1 -1 -1 -1 -1  0]
 [ 1 -1 -1 -1 -1 -1 -1 -1]
 [ 1  0  0 -1  0  0  0  0]
 [ 1  0  0  0  0  0  0  0]]
end_game: 0
player: 1
action: None
2020-06-09 07:13:16,107:main:  turn: 56
[[-1 -1 -1 -1 -1 -1  0  0]
 [ 1  1  1  1  1 -1  0  0]
 [ 1  1 -1 -1  1 -1 -1  0]
 [ 1  1  1 -1  1 -1 -1  0]
 [ 1  1 -1  1 -1 -1 -1  0]
 [ 1  1  1 -1 -1 -1 -1 -1]
 [ 1  1  0 -1  0  0  0  0]
 [ 1  0  0  0  0  0  0  0]]
end_game: 0
player: -1
action: (1, 6)
2020-06-09 07:13:22,786:main:  turn: 57
[[-1 -1 -1 -1 -1 -1  0  0]
 [ 1 -1  1  1  1 -1  0  0]
 [ 1 -1 -1 -1  1 -1 -1  0]
 [ 1 -1  1 -1  1 -1 -1  0]
 [ 1 -1 -1  1 -1 -1 -1  0]
 [ 1 -1  1 -1 -1 -1 -1 -1]
 [ 1 -1  0 -1  0  0  0  0]
 [ 1 -1  0  0  0  0  0  0]]
end_game: 0
player: 1
action: (1, 7)
2020-06-09 07:13:23,723:main:  turn: 58
[[-1 -1 -1 -1 -1 -1  0  0]
 [ 1 -1  1  1  1 -1  0  0]
 [ 1 -1 -1 -1  1 -1 -1  0]
 [ 1 -1  1 -1  1 -1 -1  0]
 [ 1 -1 -1  1 -1 -1 -1  0]
 [ 1 -1  1 -1 -1 -1 -1 -1]
 [ 1  1  0 -1  0  0  0  0]
 [ 1  1  1  0  0  0  0  0]]
end_game: 0
player: -1
action: (2, 7)
2020-06-09 07:13:25,869:main:  turn: 59
[[-1 -1 -1 -1 -1 -1  0  0]
 [ 1 -1  1  1  1 -1  0  0]
 [ 1 -1 -1 -1  1 -1 -1  0]
 [ 1 -1  1 -1  1 -1 -1  0]
 [ 1 -1 -1  1 -1 -1 -1  0]
 [ 1 -1 -1 -1 -1 -1 -1 -1]
 [ 1  1 -1 -1  0  0  0  0]
 [ 1  1  1  0  0  0  0  0]]
end_game: 0
player: 1
action: (2, 6)
2020-06-09 07:13:27,377:main:  turn: 60
[[-1 -1 -1 -1 -1 -1  0  0]
 [ 1 -1  1  1  1 -1  0  0]
 [ 1 -1 -1 -1  1 -1 -1  0]
 [ 1 -1  1 -1  1 -1 -1  0]
 [ 1 -1 -1  1 -1 -1 -1  0]
 [ 1  1 -1  1 -1 -1 -1 -1]
 [ 1  1  1  1  0  0  0  0]
 [ 1  1  1  1  0  0  0  0]]
end_game: 0
player: -1
action: (3, 7)
2020-06-09 07:13:29,502:main:  turn: 61
[[-1 -1 -1 -1 -1 -1  0  0]
 [ 1 -1  1  1  1 -1  0  0]
 [ 1 -1 -1 -1  1 -1 -1  0]
 [ 1 -1  1 -1  1 -1 -1  0]
 [ 1 -1 -1  1 -1 -1 -1  0]
 [ 1  1 -1 -1 -1 -1 -1 -1]
 [ 1  1  1  1 -1  0  0  0]
 [ 1  1  1  1  0  0  0  0]]
end_game: 0
player: 1
action: (4, 6)
2020-06-09 07:13:30,693:main:  turn: 62
[[-1 -1 -1 -1 -1 -1  0  0]
 [ 1 -1  1  1  1 -1  0  0]
 [ 1 -1 -1 -1  1 -1 -1  0]
 [ 1 -1  1 -1  1 -1 -1  0]
 [ 1 -1 -1  1  1 -1 -1  0]
 [ 1  1 -1 -1  1 -1 -1 -1]
 [ 1  1  1  1  1  0  0  0]
 [ 1  1  1  1  1  0  0  0]]
end_game: 0
player: -1
action: (4, 7)
2020-06-09 07:13:33,577:main:  turn: 63
[[-1 -1 -1 -1 -1 -1  0  0]
 [ 1 -1  1  1  1 -1  0  0]
 [ 1 -1 -1 -1  1 -1 -1  0]
 [ 1 -1 -1 -1  1 -1 -1  0]
 [ 1 -1 -1 -1  1 -1 -1  0]
 [ 1  1 -1 -1 -1 -1 -1 -1]
 [ 1  1  1  1  1 -1  0  0]
 [ 1  1  1  1  1  0  0  0]]
end_game: 0
player: 1
action: (5, 6)
2020-06-09 07:13:35,560:main:  turn: 64
[[-1 -1 -1 -1 -1 -1  0  0]
 [ 1 -1  1  1  1 -1  0  0]
 [ 1  1 -1 -1  1 -1 -1  0]
 [ 1 -1  1 -1  1 -1 -1  0]
 [ 1 -1 -1  1  1 -1 -1  0]
 [ 1  1 -1 -1  1 -1 -1 -1]
 [ 1  1  1  1  1  1  0  0]
 [ 1  1  1  1  1  0  1  0]]
end_game: 0
player: -1
action: (6, 7)
2020-06-09 07:13:40,205:main:  turn: 65
[[-1 -1 -1 -1 -1 -1  0  0]
 [ 1 -1  1  1  1 -1  0  0]
 [ 1  1 -1 -1  1 -1 -1  0]
 [ 1 -1  1 -1  1 -1 -1  0]
 [ 1 -1 -1  1  1 -1 -1  0]
 [ 1  1 -1 -1  1 -1 -1 -1]
 [ 1  1  1  1 -1 -1  0  0]
 [ 1  1  1  1  1 -1  1  0]]
end_game: 0
player: 1
action: (5, 7)
2020-06-09 07:13:41,805:main:  turn: 66
[[-1 -1 -1 -1 -1 -1  0  0]
 [ 1 -1  1  1  1 -1  0  0]
 [ 1  1 -1 -1  1  1  1  1]
 [ 1 -1  1 -1  1 -1  1  0]
 [ 1 -1 -1  1  1  1 -1  0]
 [ 1  1 -1 -1  1 -1 -1 -1]
 [ 1  1  1  1 -1 -1  0  0]
 [ 1  1  1  1  1 -1  1  0]]
end_game: 0
player: -1
action: (7, 2)
2020-06-09 07:13:43,225:main:  turn: 67
[[-1 -1 -1 -1 -1 -1  0  0]
 [ 1 -1  1  1  1 -1  0  0]
 [ 1  1 -1 -1  1  1  1  1]
 [ 1 -1  1 -1  1 -1  1  0]
 [ 1 -1 -1  1  1  1 -1  0]
 [ 1  1 -1 -1  1 -1 -1 -1]
 [ 1  1  1  1 -1 -1  0  0]
 [ 1  1  1  1  1 -1 -1 -1]]
end_game: 0
player: 1
action: (7, 7)
2020-06-09 07:13:44,450:main:  turn: 68
[[-1 -1 -1 -1 -1 -1  0  0]
 [ 1 -1  1  1  1 -1  0  0]
 [ 1  1 -1 -1  1  1  1  1]
 [ 1 -1  1 -1  1 -1  1  1]
 [ 1 -1 -1  1  1  1  1  0]
 [ 1  1 -1 -1  1  1 -1 -1]
 [ 1  1  1  1  1 -1  0  0]
 [ 1  1  1  1  1 -1 -1 -1]]
end_game: 0
player: -1
action: (7, 3)
2020-06-09 07:13:56,574:main:  turn: 69
[[-1 -1 -1 -1 -1 -1  0  0]
 [ 1 -1  1  1 -1 -1  0  0]
 [ 1  1 -1 -1  1 -1  1  1]
 [ 1 -1  1 -1  1 -1 -1  1]
 [ 1 -1 -1 -1 -1 -1 -1 -1]
 [ 1  1 -1 -1  1  1 -1 -1]
 [ 1  1  1  1  1 -1  0  0]
 [ 1  1  1  1  1 -1 -1 -1]]
end_game: 0
player: 1
action: (7, 4)
2020-06-09 07:13:57,686:main:  turn: 70
[[-1 -1 -1 -1 -1 -1  0  0]
 [ 1 -1  1  1  1  1  1  0]
 [ 1  1 -1 -1  1  1  1  1]
 [ 1 -1  1 -1  1 -1 -1  1]
 [ 1 -1 -1 -1 -1 -1 -1 -1]
 [ 1  1 -1 -1  1  1 -1 -1]
 [ 1  1  1  1  1 -1  0  0]
 [ 1  1  1  1  1 -1 -1 -1]]
end_game: 0
player: -1
action: (6, 1)
2020-06-09 07:14:07,985:main:  turn: 71
[[-1 -1 -1 -1 -1 -1  0  0]
 [ 1 -1  1  1  1  1  1  0]
 [ 1  1 -1 -1  1  1  1  1]
 [ 1 -1  1 -1  1 -1 -1  1]
 [ 1 -1 -1 -1 -1 -1 -1 -1]
 [ 1  1 -1 -1  1 -1 -1 -1]
 [ 1  1  1  1  1 -1 -1  0]
 [ 1  1  1  1  1 -1 -1 -1]]
end_game: 0
player: 1
action: (6, 6)
2020-06-09 07:14:10,052:main:  turn: 72
[[-1 -1 -1 -1 -1 -1  0  0]
 [ 1 -1  1  1  1  1  1  0]
 [ 1  1 -1 -1  1  1  1  1]
 [ 1 -1  1 -1  1 -1 -1  1]
 [ 1 -1 -1 -1 -1  1 -1  1]
 [ 1  1 -1 -1  1 -1  1  1]
 [ 1  1  1  1  1  1  1  1]
 [ 1  1  1  1  1 -1 -1 -1]]
end_game: 0
player: -1
action: (7, 6)
2020-06-09 07:14:15,051:main:  turn: 73
[[-1 -1 -1 -1 -1 -1  0  0]
 [ 1 -1 -1 -1 -1 -1 -1 -1]
 [ 1  1 -1 -1  1  1 -1 -1]
 [ 1 -1  1 -1  1 -1 -1 -1]
 [ 1 -1 -1 -1 -1  1 -1 -1]
 [ 1  1 -1 -1  1 -1  1 -1]
 [ 1  1  1  1  1  1  1 -1]
 [ 1  1  1  1  1 -1 -1 -1]]
end_game: 0
player: 1
action: (7, 1)
2020-06-09 07:14:15,422:main:  turn: 74
[[-1 -1 -1 -1 -1 -1  0  1]
 [ 1 -1 -1 -1 -1 -1  1 -1]
 [ 1  1 -1 -1  1  1 -1 -1]
 [ 1 -1  1 -1  1 -1 -1 -1]
 [ 1 -1 -1 -1 -1  1 -1 -1]
 [ 1  1 -1 -1  1 -1  1 -1]
 [ 1  1  1  1  1  1  1 -1]
 [ 1  1  1  1  1 -1 -1 -1]]
end_game: 0
player: -1
action: (7, 0)
2020-06-09 07:14:16,864:main:  turn: 75
[[-1 -1 -1 -1 -1 -1 -1  1]
 [ 1 -1 -1 -1 -1 -1 -1 -1]
 [ 1  1 -1 -1  1  1 -1 -1]
 [ 1 -1  1 -1  1 -1 -1 -1]
 [ 1 -1 -1 -1 -1  1 -1 -1]
 [ 1  1 -1 -1  1 -1  1 -1]
 [ 1  1  1  1  1  1  1 -1]
 [ 1  1  1  1  1 -1 -1 -1]]
end_game: -1
player: 1
action: (6, 0)
2020-06-09 07:14:43,115:main:  turn: 1
[[ 0  0  0  0  0  0  0  0]
 [ 0  0  0  0  0  0  0  0]
 [ 0  0  0  0  0  0  0  0]
 [ 0  0  0 -1  1  0  0  0]
 [ 0  0  0  1 -1  0  0  0]
 [ 0  0  0  0  0  0  0  0]
 [ 0  0  0  0  0  0  0  0]
 [ 0  0  0  0  0  0  0  0]]
end_game: 0
player: 1
action: None
2020-06-09 07:14:43,707:main:  turn: 2
[[ 0  0  0  0  0  0  0  0]
 [ 0  0  0  0  0  0  0  0]
 [ 0  0  0  0  0  0  0  0]
 [ 0  0  0 -1  1  0  0  0]
 [ 0  0  0  1  1  1  0  0]
 [ 0  0  0  0  0  0  0  0]
 [ 0  0  0  0  0  0  0  0]
 [ 0  0  0  0  0  0  0  0]]
end_game: 0
player: -1
action: (5, 4)
2020-06-09 07:14:45,007:main:  turn: 3
[[ 0  0  0  0  0  0  0  0]
 [ 0  0  0  0  0  0  0  0]
 [ 0  0  0  0  0  0  0  0]
 [ 0  0  0 -1 -1 -1  0  0]
 [ 0  0  0  1  1  1  0  0]
 [ 0  0  0  0  0  0  0  0]
 [ 0  0  0  0  0  0  0  0]
 [ 0  0  0  0  0  0  0  0]]
end_game: 0
player: 1
action: (5, 3)
2020-06-09 07:14:45,598:main:  turn: 4
[[ 0  0  0  0  0  0  0  0]
 [ 0  0  0  0  0  0  0  0]
 [ 0  0  0  0  1  0  0  0]
 [ 0  0  0 -1  1 -1  0  0]
 [ 0  0  0  1  1  1  0  0]
 [ 0  0  0  0  0  0  0  0]
 [ 0  0  0  0  0  0  0  0]
 [ 0  0  0  0  0  0  0  0]]
end_game: 0
player: -1
action: (4, 2)
2020-06-09 07:14:47,873:main:  turn: 5
[[ 0  0  0  0  0  0  0  0]
 [ 0  0  0  0  0  0  0  0]
 [ 0  0  0  0  1  0  0  0]
 [ 0  0  0 -1  1 -1  0  0]
 [ 0  0  0 -1 -1  1  0  0]
 [ 0  0  0 -1  0  0  0  0]
 [ 0  0  0  0  0  0  0  0]
 [ 0  0  0  0  0  0  0  0]]
end_game: 0
player: 1
action: (3, 5)
2020-06-09 07:14:48,465:main:  turn: 6
[[ 0  0  0  0  0  0  0  0]
 [ 0  0  0  0  0  0  0  0]
 [ 0  0  0  0  1  1  0  0]
 [ 0  0  0 -1  1  1  0  0]
 [ 0  0  0 -1 -1  1  0  0]
 [ 0  0  0 -1  0  0  0  0]
 [ 0  0  0  0  0  0  0  0]
 [ 0  0  0  0  0  0  0  0]]
end_game: 0
player: -1
action: (5, 2)
2020-06-09 07:14:50,419:main:  turn: 7
[[ 0  0  0  0  0  0  0  0]
 [ 0  0  0  0 -1  0  0  0]
 [ 0  0  0  0 -1  1  0  0]
 [ 0  0  0 -1 -1  1  0  0]
 [ 0  0  0 -1 -1  1  0  0]
 [ 0  0  0 -1  0  0  0  0]
 [ 0  0  0  0  0  0  0  0]
 [ 0  0  0  0  0  0  0  0]]
end_game: 0
player: 1
action: (4, 1)
2020-06-09 07:14:51,002:main:  turn: 8
[[ 0  0  0  1  0  0  0  0]
 [ 0  0  0  0  1  0  0  0]
 [ 0  0  0  0 -1  1  0  0]
 [ 0  0  0 -1 -1  1  0  0]
 [ 0  0  0 -1 -1  1  0  0]
 [ 0  0  0 -1  0  0  0  0]
 [ 0  0  0  0  0  0  0  0]
 [ 0  0  0  0  0  0  0  0]]
end_game: 0
player: -1
action: (3, 0)
2020-06-09 07:14:53,023:main:  turn: 9
[[ 0  0  0  1  0  0  0  0]
 [ 0  0  0  0  1  0  0  0]
 [ 0  0  0  0 -1  1  0  0]
 [ 0  0  0 -1 -1  1  0  0]
 [ 0  0  0 -1 -1 -1  0  0]
 [ 0  0  0 -1  0  0 -1  0]
 [ 0  0  0  0  0  0  0  0]
 [ 0  0  0  0  0  0  0  0]]
end_game: 0
player: 1
action: (6, 5)
2020-06-09 07:14:53,960:main:  turn: 10
[[ 0  0  0  1  0  0  0  0]
 [ 0  0  0  0  1  0  0  0]
 [ 0  0  0  0 -1  1  0  0]
 [ 0  0  1  1  1  1  0  0]
 [ 0  0  0 -1 -1 -1  0  0]
 [ 0  0  0 -1  0  0 -1  0]
 [ 0  0  0  0  0  0  0  0]
 [ 0  0  0  0  0  0  0  0]]
end_game: 0
player: -1
action: (2, 3)
2020-06-09 07:14:55,751:main:  turn: 11
[[ 0  0  0  1  0  0  0  0]
 [ 0  0  0  0  1  0  0  0]
 [ 0  0  0 -1 -1  1  0  0]
 [ 0  0  1 -1 -1  1  0  0]
 [ 0  0  0 -1 -1 -1  0  0]
 [ 0  0  0 -1  0  0 -1  0]
 [ 0  0  0  0  0  0  0  0]
 [ 0  0  0  0  0  0  0  0]]
end_game: 0
player: 1
action: (3, 2)
2020-06-09 07:14:56,668:main:  turn: 12
[[ 0  0  0  1  0  0  0  0]
 [ 0  0  0  0  1  0  0  0]
 [ 0  0  1  1  1  1  0  0]
 [ 0  0  1 -1 -1  1  0  0]
 [ 0  0  0 -1 -1 -1  0  0]
 [ 0  0  0 -1  0  0 -1  0]
 [ 0  0  0  0  0  0  0  0]
 [ 0  0  0  0  0  0  0  0]]
end_game: 0
player: -1
action: (2, 2)
2020-06-09 07:14:58,518:main:  turn: 13
[[ 0  0  0  1  0  0  0  0]
 [ 0  0  0 -1  1  0  0  0]
 [ 0  0  1 -1  1  1  0  0]
 [ 0  0  1 -1 -1  1  0  0]
 [ 0  0  0 -1 -1 -1  0  0]
 [ 0  0  0 -1  0  0 -1  0]
 [ 0  0  0  0  0  0  0  0]
 [ 0  0  0  0  0  0  0  0]]
end_game: 0
player: 1
action: (3, 1)
2020-06-09 07:14:59,109:main:  turn: 14
[[ 0  0  1  1  0  0  0  0]
 [ 0  0  0  1  1  0  0  0]
 [ 0  0  1 -1  1  1  0  0]
 [ 0  0  1 -1 -1  1  0  0]
 [ 0  0  0 -1 -1 -1  0  0]
 [ 0  0  0 -1  0  0 -1  0]
 [ 0  0  0  0  0  0  0  0]
 [ 0  0  0  0  0  0  0  0]]
end_game: 0
player: -1
action: (2, 0)
2020-06-09 07:15:00,897:main:  turn: 15
[[ 0  0  1  1  0 -1  0  0]
 [ 0  0  0  1 -1  0  0  0]
 [ 0  0  1 -1  1  1  0  0]
 [ 0  0  1 -1 -1  1  0  0]
 [ 0  0  0 -1 -1 -1  0  0]
 [ 0  0  0 -1  0  0 -1  0]
 [ 0  0  0  0  0  0  0  0]
 [ 0  0  0  0  0  0  0  0]]
end_game: 0
player: 1
action: (5, 0)
2020-06-09 07:15:01,493:main:  turn: 16
[[ 0  0  1  1  0 -1  0  0]
 [ 0  0  0  1 -1  0  0  0]
 [ 0  0  1 -1  1  1  0  0]
 [ 0  0  1  1 -1  1  0  0]
 [ 0  0  1 -1 -1 -1  0  0]
 [ 0  0  0 -1  0  0 -1  0]
 [ 0  0  0  0  0  0  0  0]
 [ 0  0  0  0  0  0  0  0]]
end_game: 0
player: -1
action: (2, 4)
2020-06-09 07:15:03,013:main:  turn: 17
[[ 0  0  1  1  0 -1  0  0]
 [ 0  0 -1 -1 -1  0  0  0]
 [ 0  0  1 -1  1  1  0  0]
 [ 0  0  1  1 -1  1  0  0]
 [ 0  0  1 -1 -1 -1  0  0]
 [ 0  0  0 -1  0  0 -1  0]
 [ 0  0  0  0  0  0  0  0]
 [ 0  0  0  0  0  0  0  0]]
end_game: 0
player: 1
action: (2, 1)
2020-06-09 07:15:03,959:main:  turn: 18
[[ 0  0  1  1  1 -1  0  0]
 [ 0  0 -1  1  1  0  0  0]
 [ 0  0  1 -1  1  1  0  0]
 [ 0  0  1  1 -1  1  0  0]
 [ 0  0  1 -1 -1 -1  0  0]
 [ 0  0  0 -1  0  0 -1  0]
 [ 0  0  0  0  0  0  0  0]
 [ 0  0  0  0  0  0  0  0]]
end_game: 0
player: -1
action: (4, 0)
2020-06-09 07:15:07,229:main:  turn: 19
[[ 0 -1 -1 -1 -1 -1  0  0]
 [ 0  0 -1  1  1  0  0  0]
 [ 0  0  1 -1  1  1  0  0]
 [ 0  0  1  1 -1  1  0  0]
 [ 0  0  1 -1 -1 -1  0  0]
 [ 0  0  0 -1  0  0 -1  0]
 [ 0  0  0  0  0  0  0  0]
 [ 0  0  0  0  0  0  0  0]]
end_game: 0
player: 1
action: (1, 0)
2020-06-09 07:15:08,512:main:  turn: 20
[[ 0 -1 -1 -1 -1 -1  0  0]
 [ 0  0 -1  1  1  0  0  0]
 [ 0  0  1 -1  1  1  0  0]
 [ 0  0  1  1  1  1  0  0]
 [ 0  0  1  1  1 -1  0  0]
 [ 0  0  0 -1  1  0 -1  0]
 [ 0  0  0  0  0  0  0  0]
 [ 0  0  0  0  0  0  0  0]]
end_game: 0
player: -1
action: (4, 5)
2020-06-09 07:15:11,125:main:  turn: 21
[[ 0 -1 -1 -1 -1 -1  0  0]
 [ 0  0 -1  1  1  0  0  0]
 [ 0  0  1 -1 -1 -1 -1  0]
 [ 0  0  1  1  1 -1  0  0]
 [ 0  0  1  1 -1 -1  0  0]
 [ 0  0  0 -1  1  0 -1  0]
 [ 0  0  0  0  0  0  0  0]
 [ 0  0  0  0  0  0  0  0]]
end_game: 0
player: 1
action: (6, 2)
2020-06-09 07:15:11,725:main:  turn: 22
[[ 0 -1 -1 -1 -1 -1  0  0]
 [ 0  0 -1  1  1  0  0  0]
 [ 0  0  1 -1 -1 -1 -1  0]
 [ 0  0  1  1  1 -1  0  0]
 [ 0  0  1  1  1 -1  0  0]
 [ 0  0  0 -1  1  1 -1  0]
 [ 0  0  0  0  0  0  0  0]
 [ 0  0  0  0  0  0  0  0]]
end_game: 0
player: -1
action: (5, 5)
2020-06-09 07:15:16,774:main:  turn: 23
[[ 0 -1 -1 -1 -1 -1  0  0]
 [ 0  0 -1  1  1  0  0  0]
 [ 0  0 -1 -1 -1 -1 -1  0]
 [ 0  0 -1  1 -1 -1  0  0]
 [ 0  0 -1 -1  1 -1  0  0]
 [ 0  0 -1 -1  1  1 -1  0]
 [ 0  0  0  0  0  0  0  0]
 [ 0  0  0  0  0  0  0  0]]
end_game: 0
player: 1
action: (2, 5)
2020-06-09 07:15:17,720:main:  turn: 24
[[ 0 -1 -1 -1 -1 -1  0  0]
 [ 0  0 -1  1  1  0  0  0]
 [ 0  0 -1 -1 -1 -1 -1  0]
 [ 0  0 -1  1 -1 -1  0  0]
 [ 0  0 -1  1  1 -1  0  0]
 [ 0  0 -1  1  1  1 -1  0]
 [ 0  0  0  1  0  0  0  0]
 [ 0  0  0  0  0  0  0  0]]
end_game: 0
player: -1
action: (3, 6)
2020-06-09 07:15:20,387:main:  turn: 25
[[ 0 -1 -1 -1 -1 -1  0  0]
 [ 0  0 -1  1  1  0  0  0]
 [ 0  0 -1 -1 -1 -1 -1  0]
 [ 0  0 -1  1 -1 -1  0  0]
 [ 0  0 -1  1  1 -1  0  0]
 [ 0  0 -1  1 -1  1 -1  0]
 [ 0  0  0 -1  0  0  0  0]
 [ 0  0 -1  0  0  0  0  0]]
end_game: 0
player: 1
action: (2, 7)
2020-06-09 07:15:21,032:main:  turn: 26
[[ 0 -1 -1 -1 -1 -1  0  0]
 [ 0  0 -1  1  1  0  0  0]
 [ 0  0 -1 -1 -1 -1 -1  0]
 [ 0  0 -1  1 -1 -1  0  0]
 [ 0  0 -1  1  1 -1  0  0]
 [ 0  0 -1  1  1  1 -1  0]
 [ 0  0  0 -1  1  0  0  0]
 [ 0  0 -1  0  0  0  0  0]]
end_game: 0
player: -1
action: (4, 6)
2020-06-09 07:15:22,857:main:  turn: 27
[[ 0 -1 -1 -1 -1 -1  0  0]
 [ 0  0 -1  1  1  0  0  0]
 [ 0  0 -1 -1 -1 -1 -1  0]
 [ 0  0 -1  1 -1 -1  0  0]
 [ 0  0 -1  1  1 -1  0  0]
 [ 0  0 -1 -1  1  1 -1  0]
 [ 0  0  0 -1 -1  0  0  0]
 [ 0  0 -1  0  0 -1  0  0]]
end_game: 0
player: 1
action: (5, 7)
2020-06-09 07:15:24,128:main:  turn: 28
[[ 0 -1 -1 -1 -1 -1  0  0]
 [ 0  0 -1  1  1  0  0  0]
 [ 0  0 -1 -1  1 -1 -1  0]
 [ 0  0 -1  1 -1  1  0  0]
 [ 0  0 -1  1  1  1  1  0]
 [ 0  0 -1 -1  1  1 -1  0]
 [ 0  0  0 -1 -1  0  0  0]
 [ 0  0 -1  0  0 -1  0  0]]
end_game: 0
player: -1
action: (6, 4)
2020-06-09 07:15:27,111:main:  turn: 29
[[ 0 -1 -1 -1 -1 -1  0  0]
 [ 0  0 -1 -1  1  0  0  0]
 [ 0  0 -1 -1 -1 -1 -1  0]
 [ 0  0 -1  1 -1 -1  0  0]
 [ 0  0 -1  1  1  1 -1  0]
 [ 0  0 -1 -1  1  1 -1 -1]
 [ 0  0  0 -1 -1  0  0  0]
 [ 0  0 -1  0  0 -1  0  0]]
end_game: 0
player: 1
action: (7, 5)
2020-06-09 07:15:28,419:main:  turn: 30
[[ 0 -1 -1 -1 -1 -1  0  0]
 [ 0  0 -1 -1  1  0  0  0]
 [ 0  0 -1 -1 -1  1 -1  0]
 [ 0  0 -1  1  1  1  1  0]
 [ 0  0 -1  1  1  1 -1  0]
 [ 0  0 -1 -1  1  1 -1 -1]
 [ 0  0  0 -1 -1  0  0  0]
 [ 0  0 -1  0  0 -1  0  0]]
end_game: 0
player: -1
action: (6, 3)
2020-06-09 07:15:30,127:main:  turn: 31
[[ 0 -1 -1 -1 -1 -1  0  0]
 [ 0  0 -1 -1  1  0  0  0]
 [ 0  0 -1 -1 -1  1 -1 -1]
 [ 0  0 -1  1  1  1 -1  0]
 [ 0  0 -1  1  1 -1 -1  0]
 [ 0  0 -1 -1 -1  1 -1 -1]
 [ 0  0  0 -1 -1  0  0  0]
 [ 0  0 -1  0  0 -1  0  0]]
end_game: 0
player: 1
action: (7, 2)
2020-06-09 07:15:30,736:main:  turn: 32
[[ 0 -1 -1 -1 -1 -1  0  0]
 [ 0  0 -1 -1  1  0  0  0]
 [ 0  0 -1 -1 -1  1 -1 -1]
 [ 0  0 -1  1  1  1 -1  0]
 [ 0  0 -1  1  1 -1 -1  0]
 [ 0  0 -1 -1  1  1 -1 -1]
 [ 0  0  0 -1 -1  1  0  0]
 [ 0  0 -1  0  0 -1  0  0]]
end_game: 0
player: -1
action: (5, 6)
2020-06-09 07:15:35,852:main:  turn: 33
[[ 0 -1 -1 -1 -1 -1  0  0]
 [ 0  0 -1 -1  1  0  0  0]
 [ 0  0 -1 -1 -1  1 -1 -1]
 [ 0  0 -1  1  1  1 -1  0]
 [ 0  0 -1 -1  1 -1 -1  0]
 [ 0  0 -1 -1 -1  1 -1 -1]
 [ 0  0  0 -1 -1 -1  0  0]
 [ 0  0 -1  0  0 -1 -1  0]]
end_game: 0
player: 1
action: (6, 7)
2020-06-09 07:15:36,510:main:  turn: 34
[[ 0 -1 -1 -1 -1 -1  0  0]
 [ 0  0 -1 -1  1  1  0  0]
 [ 0  0 -1 -1  1  1 -1 -1]
 [ 0  0 -1  1  1  1 -1  0]
 [ 0  0 -1 -1  1 -1 -1  0]
 [ 0  0 -1 -1 -1  1 -1 -1]
 [ 0  0  0 -1 -1 -1  0  0]
 [ 0  0 -1  0  0 -1 -1  0]]
end_game: 0
player: -1
action: (5, 1)
2020-06-09 07:15:38,660:main:  turn: 35
[[ 0 -1 -1 -1 -1 -1 -1  0]
 [ 0  0 -1 -1  1 -1  0  0]
 [ 0  0 -1 -1 -1  1 -1 -1]
 [ 0  0 -1 -1  1  1 -1  0]
 [ 0  0 -1 -1  1 -1 -1  0]
 [ 0  0 -1 -1 -1  1 -1 -1]
 [ 0  0  0 -1 -1 -1  0  0]
 [ 0  0 -1  0  0 -1 -1  0]]
end_game: 0
player: 1
action: (6, 0)
2020-06-09 07:15:39,272:main:  turn: 36
[[ 0 -1 -1 -1 -1 -1 -1  0]
 [ 0  0 -1 -1  1 -1  0  0]
 [ 0  0 -1 -1 -1  1 -1 -1]
 [ 0  0 -1 -1  1  1 -1  0]
 [ 0  0 -1 -1  1 -1 -1  0]
 [ 0  0 -1  1 -1  1 -1 -1]
 [ 0  0  1 -1 -1 -1  0  0]
 [ 0  0 -1  0  0 -1 -1  0]]
end_game: 0
player: -1
action: (2, 6)
2020-06-09 07:15:42,139:main:  turn: 37
[[ 0 -1 -1 -1 -1 -1 -1  0]
 [ 0  0 -1 -1  1 -1  0  0]
 [ 0  0 -1 -1 -1  1 -1 -1]
 [ 0  0 -1 -1  1 -1 -1  0]
 [ 0  0 -1 -1 -1 -1 -1  0]
 [ 0  0 -1 -1 -1  1 -1 -1]
 [ 0  0 -1 -1 -1 -1  0  0]
 [ 0 -1 -1  0  0 -1 -1  0]]
end_game: 0
player: 1
action: (1, 7)
2020-06-09 07:15:42,785:main:  turn: 38
[[ 0 -1 -1 -1 -1 -1 -1  0]
 [ 0  0 -1 -1  1 -1  0  0]
 [ 0  0 -1 -1 -1  1 -1 -1]
 [ 0  0 -1 -1  1 -1 -1  0]
 [ 0  0 -1 -1 -1 -1 -1  0]
 [ 0  0 -1 -1 -1  1 -1 -1]
 [ 0  0 -1 -1  1 -1  0  0]
 [ 0 -1 -1  1  0 -1 -1  0]]
end_game: 0
player: -1
action: (3, 7)
2020-06-09 07:15:45,334:main:  turn: 39
[[ 0 -1 -1 -1 -1 -1 -1  0]
 [ 0  0 -1 -1  1 -1  0  0]
 [ 0  0 -1 -1 -1  1 -1 -1]
 [ 0  0 -1 -1  1 -1 -1  0]
 [ 0  0 -1 -1 -1 -1 -1  0]
 [ 0  0 -1 -1 -1  1 -1 -1]
 [ 0  0 -1 -1 -1 -1  0  0]
 [ 0 -1 -1 -1 -1 -1 -1  0]]
end_game: 0
player: 1
action: (4, 7)
2020-06-09 07:15:46,313:main:  turn: 40
[[ 0 -1 -1 -1 -1 -1 -1  0]
 [ 0  0 -1 -1  1 -1  0  0]
 [ 0  0 -1 -1 -1  1 -1 -1]
 [ 0  1  1  1  1 -1 -1  0]
 [ 0  0 -1 -1 -1 -1 -1  0]
 [ 0  0 -1 -1 -1  1 -1 -1]
 [ 0  0 -1 -1 -1 -1  0  0]
 [ 0 -1 -1 -1 -1 -1 -1  0]]
end_game: 0
player: -1
action: (1, 3)
2020-06-09 07:15:50,934:main:  turn: 41
[[ 0 -1 -1 -1 -1 -1 -1  0]
 [ 0  0 -1 -1  1 -1  0  0]
 [-1  0 -1 -1 -1  1 -1 -1]
 [ 0 -1  1  1  1 -1 -1  0]
 [ 0  0 -1 -1 -1 -1 -1  0]
 [ 0  0 -1 -1 -1  1 -1 -1]
 [ 0  0 -1 -1 -1 -1  0  0]
 [ 0 -1 -1 -1 -1 -1 -1  0]]
end_game: 0
player: 1
action: (0, 2)
2020-06-09 07:15:52,225:main:  turn: 42
[[ 0 -1 -1 -1 -1 -1 -1  0]
 [ 0  0 -1 -1  1 -1  0  0]
 [-1  1  1  1  1  1 -1 -1]
 [ 0 -1  1  1  1 -1 -1  0]
 [ 0  0 -1 -1 -1 -1 -1  0]
 [ 0  0 -1 -1 -1  1 -1 -1]
 [ 0  0 -1 -1 -1 -1  0  0]
 [ 0 -1 -1 -1 -1 -1 -1  0]]
end_game: 0
player: -1
action: (1, 2)
2020-06-09 07:15:58,366:main:  turn: 43
[[ 0 -1 -1 -1 -1 -1 -1  0]
 [-1  0 -1 -1  1 -1  0  0]
 [-1 -1  1  1  1  1 -1 -1]
 [ 0 -1 -1  1  1 -1 -1  0]
 [ 0  0 -1 -1 -1 -1 -1  0]
 [ 0  0 -1 -1 -1  1 -1 -1]
 [ 0  0 -1 -1 -1 -1  0  0]
 [ 0 -1 -1 -1 -1 -1 -1  0]]
end_game: 0
player: 1
action: (0, 1)
2020-06-09 07:15:59,020:main:  turn: 44
[[ 0 -1 -1 -1 -1 -1 -1  0]
 [-1  0 -1 -1  1 -1  0  0]
 [-1 -1  1  1  1  1 -1 -1]
 [ 0 -1  1  1  1 -1 -1  0]
 [ 0  1 -1 -1 -1 -1 -1  0]
 [ 0  0 -1 -1 -1  1 -1 -1]
 [ 0  0 -1 -1 -1 -1  0  0]
 [ 0 -1 -1 -1 -1 -1 -1  0]]
end_game: 0
player: -1
action: (1, 4)
2020-06-09 07:16:04,090:main:  turn: 45
[[ 0 -1 -1 -1 -1 -1 -1  0]
 [-1  0 -1 -1 -1 -1  0  0]
 [-1 -1  1 -1  1  1 -1 -1]
 [ 0 -1 -1  1  1 -1 -1  0]
 [ 0 -1 -1 -1 -1 -1 -1  0]
 [-1  0 -1 -1 -1  1 -1 -1]
 [ 0  0 -1 -1 -1 -1  0  0]
 [ 0 -1 -1 -1 -1 -1 -1  0]]
end_game: 0
player: 1
action: (0, 5)
2020-06-09 07:16:05,649:main:  turn: 46
[[ 0 -1 -1 -1 -1 -1 -1  0]
 [-1  0 -1 -1 -1 -1  0  0]
 [-1 -1  1 -1  1  1 -1 -1]
 [ 0 -1 -1  1  1 -1 -1  0]
 [ 0 -1  1 -1 -1 -1 -1  0]
 [-1  1  1  1  1  1 -1 -1]
 [ 0  0 -1 -1 -1 -1  0  0]
 [ 0 -1 -1 -1 -1 -1 -1  0]]
end_game: 0
player: -1
action: (1, 5)
2020-06-09 07:16:08,069:main:  turn: 47
[[ 0 -1 -1 -1 -1 -1 -1  0]
 [-1  0 -1 -1 -1 -1  0  0]
 [-1 -1  1 -1 -1  1 -1 -1]
 [ 0 -1 -1 -1  1 -1 -1  0]
 [ 0 -1 -1 -1 -1 -1 -1  0]
 [-1 -1  1  1  1  1 -1 -1]
 [-1  0 -1 -1 -1 -1  0  0]
 [ 0 -1 -1 -1 -1 -1 -1  0]]
end_game: 0
player: 1
action: (0, 6)
2020-06-09 07:16:09,381:main:  turn: 48
[[ 0 -1 -1 -1 -1 -1 -1  0]
 [-1  0 -1 -1 -1 -1  0  0]
 [-1 -1  1 -1 -1  1 -1 -1]
 [ 0 -1 -1 -1  1  1  1  1]
 [ 0 -1 -1 -1 -1 -1  1  0]
 [-1 -1  1  1  1  1 -1 -1]
 [-1  0 -1 -1 -1 -1  0  0]
 [ 0 -1 -1 -1 -1 -1 -1  0]]
end_game: 0
player: -1
action: (7, 3)
2020-06-09 07:16:12,698:main:  turn: 49
[[ 0 -1 -1 -1 -1 -1 -1  0]
 [-1  0 -1 -1 -1 -1  0  0]
 [-1 -1  1 -1 -1 -1 -1 -1]
 [ 0 -1 -1 -1  1  1 -1 -1]
 [ 0 -1 -1 -1 -1 -1 -1 -1]
 [-1 -1  1  1  1  1 -1 -1]
 [-1  0 -1 -1 -1 -1  0  0]
 [ 0 -1 -1 -1 -1 -1 -1  0]]
end_game: 0
player: 1
action: (7, 4)
2020-06-09 07:16:13,177:main:  turn: 50
[[ 0 -1 -1 -1 -1 -1 -1  0]
 [-1  0 -1 -1 -1 -1  1  0]
 [-1 -1  1 -1 -1  1 -1 -1]
 [ 0 -1 -1 -1  1  1 -1 -1]
 [ 0 -1 -1 -1 -1 -1 -1 -1]
 [-1 -1  1  1  1  1 -1 -1]
 [-1  0 -1 -1 -1 -1  0  0]
 [ 0 -1 -1 -1 -1 -1 -1  0]]
end_game: 0
player: -1
action: (6, 1)
2020-06-09 07:16:21,843:main:  turn: 51
[[ 0 -1 -1 -1 -1 -1 -1 -1]
 [-1  0 -1 -1 -1 -1 -1  0]
 [-1 -1  1 -1 -1 -1 -1 -1]
 [ 0 -1 -1 -1 -1  1 -1 -1]
 [ 0 -1 -1 -1 -1 -1 -1 -1]
 [-1 -1  1  1  1  1 -1 -1]
 [-1  0 -1 -1 -1 -1  0  0]
 [ 0 -1 -1 -1 -1 -1 -1  0]]
end_game: 0
player: 1
action: (7, 0)
2020-06-09 07:16:23,592:main:  turn: 52
[[ 0 -1 -1 -1 -1 -1 -1 -1]
 [-1  0 -1 -1 -1 -1 -1  0]
 [-1 -1  1 -1 -1 -1 -1 -1]
 [ 1  1  1  1  1  1 -1 -1]
 [ 0  1 -1 -1 -1 -1 -1 -1]
 [-1 -1  1  1  1  1 -1 -1]
 [-1  0 -1 -1 -1 -1  0  0]
 [ 0 -1 -1 -1 -1 -1 -1  0]]
end_game: 0
player: -1
action: (0, 3)
2020-06-09 07:16:29,609:main:  turn: 53
[[ 0 -1 -1 -1 -1 -1 -1 -1]
 [-1  0 -1 -1 -1 -1 -1  0]
 [-1 -1 -1 -1 -1 -1 -1 -1]
 [-1 -1  1  1  1  1 -1 -1]
 [-1 -1 -1 -1 -1 -1 -1 -1]
 [-1 -1  1  1  1  1 -1 -1]
 [-1  0 -1 -1 -1 -1  0  0]
 [ 0 -1 -1 -1 -1 -1 -1  0]]
end_game: 0
player: 1
action: (0, 4)
2020-06-09 07:16:29,992:main:  turn: 54
[[ 0 -1 -1 -1 -1 -1 -1 -1]
 [-1  0 -1 -1 -1 -1 -1  1]
 [-1 -1 -1 -1 -1 -1  1 -1]
 [-1 -1  1  1  1  1 -1 -1]
 [-1 -1 -1 -1 -1 -1 -1 -1]
 [-1 -1  1  1  1  1 -1 -1]
 [-1  0 -1 -1 -1 -1  0  0]
 [ 0 -1 -1 -1 -1 -1 -1  0]]
end_game: 0
player: -1
action: (7, 1)
2020-06-09 07:16:44,161:main:  turn: 55
[[ 0 -1 -1 -1 -1 -1 -1 -1]
 [-1  0 -1 -1 -1 -1 -1  1]
 [-1 -1 -1 -1 -1 -1  1 -1]
 [-1 -1  1  1  1  1 -1 -1]
 [-1 -1 -1 -1 -1 -1 -1 -1]
 [-1 -1  1  1  1 -1 -1 -1]
 [-1  0 -1 -1 -1 -1 -1  0]
 [ 0 -1 -1 -1 -1 -1 -1  0]]
end_game: 0
player: 1
action: (6, 6)
2020-06-09 07:16:45,211:main:  turn: 56
[[ 0 -1 -1 -1 -1 -1 -1 -1]
 [-1  0 -1 -1 -1 -1 -1  1]
 [-1 -1 -1 -1 -1 -1  1 -1]
 [-1 -1  1  1  1  1 -1 -1]
 [-1 -1 -1 -1  1 -1 -1 -1]
 [-1 -1  1  1  1  1 -1 -1]
 [-1  0 -1 -1 -1 -1  1  0]
 [ 0 -1 -1 -1 -1 -1 -1  1]]
end_game: 0
player: -1
action: (7, 7)
2020-06-09 07:16:47,386:main:  turn: 57
[[ 0 -1 -1 -1 -1 -1 -1 -1]
 [-1  0 -1 -1 -1 -1 -1  1]
 [-1 -1 -1 -1 -1 -1  1 -1]
 [-1 -1  1  1  1  1 -1 -1]
 [-1 -1 -1 -1  1 -1 -1 -1]
 [-1 -1  1  1  1  1 -1 -1]
 [-1  0 -1 -1 -1 -1 -1 -1]
 [ 0 -1 -1 -1 -1 -1 -1  1]]
end_game: 0
player: 1
action: (7, 6)
2020-06-09 07:16:49,428:main:  turn: 58
[[ 0 -1 -1 -1 -1 -1 -1 -1]
 [-1  0 -1 -1 -1 -1 -1  1]
 [-1 -1 -1 -1 -1 -1  1 -1]
 [-1 -1  1  1  1  1 -1 -1]
 [-1 -1 -1 -1  1 -1 -1 -1]
 [-1 -1  1  1  1  1 -1 -1]
 [-1  0 -1 -1 -1 -1 -1 -1]
 [ 1  1  1  1  1  1  1  1]]
end_game: 0
player: -1
action: (0, 7)
2020-06-09 07:16:52,082:main:  turn: 59
[[ 0 -1 -1 -1 -1 -1 -1 -1]
 [-1  0 -1 -1 -1 -1 -1  1]
 [-1 -1 -1 -1 -1 -1  1 -1]
 [-1 -1  1  1  1  1 -1 -1]
 [-1 -1 -1 -1  1 -1 -1 -1]
 [-1 -1 -1  1  1  1 -1 -1]
 [-1 -1 -1 -1 -1 -1 -1 -1]
 [ 1  1  1  1  1  1  1  1]]
end_game: 0
player: 1
action: (1, 6)
2020-06-09 07:16:54,123:main:  turn: 60
[[ 1 -1 -1 -1 -1 -1 -1 -1]
 [ 1  0 -1 -1 -1 -1 -1  1]
 [ 1 -1 -1 -1 -1 -1  1 -1]
 [ 1 -1  1  1  1  1 -1 -1]
 [ 1 -1 -1 -1  1 -1 -1 -1]
 [ 1 -1 -1  1  1  1 -1 -1]
 [ 1 -1 -1 -1 -1 -1 -1 -1]
 [ 1  1  1  1  1  1  1  1]]
end_game: 0
player: -1
action: (0, 0)
2020-06-09 07:16:59,130:main:  turn: 61
[[ 1 -1 -1 -1 -1 -1 -1 -1]
 [ 1  0 -1 -1 -1 -1 -1  1]
 [ 1 -1 -1 -1 -1 -1  1 -1]
 [ 1 -1  1  1  1  1 -1 -1]
 [ 1 -1 -1 -1  1 -1 -1 -1]
 [ 1 -1 -1  1  1  1 -1 -1]
 [ 1 -1 -1 -1 -1 -1 -1 -1]
 [ 1  1  1  1  1  1  1  1]]
end_game: 0
player: 1
action: None
2020-06-09 07:17:02,818:main:  turn: 62
[[ 1 -1 -1 -1 -1 -1 -1 -1]
 [ 1  1  1  1  1  1  1  1]
 [ 1  1  1 -1 -1 -1  1 -1]
 [ 1  1  1  1  1  1 -1 -1]
 [ 1  1 -1 -1  1 -1 -1 -1]
 [ 1  1 -1  1  1  1 -1 -1]
 [ 1  1 -1 -1 -1 -1 -1 -1]
 [ 1  1  1  1  1  1  1  1]]
end_game: 1
player: -1
action: (1, 1)
2020-06-09 07:17:10,134:main:  turn: 1
[[ 0  0  0  0  0  0  0  0]
 [ 0  0  0  0  0  0  0  0]
 [ 0  0  0  0  0  0  0  0]
 [ 0  0  0 -1  1  0  0  0]
 [ 0  0  0  1 -1  0  0  0]
 [ 0  0  0  0  0  0  0  0]
 [ 0  0  0  0  0  0  0  0]
 [ 0  0  0  0  0  0  0  0]]
end_game: 0
player: 1
action: None
2020-06-09 07:17:10,992:main:  turn: 2
[[ 0  0  0  0  0  0  0  0]
 [ 0  0  0  0  0  0  0  0]
 [ 0  0  0  0  0  0  0  0]
 [ 0  0  1  1  1  0  0  0]
 [ 0  0  0  1 -1  0  0  0]
 [ 0  0  0  0  0  0  0  0]
 [ 0  0  0  0  0  0  0  0]
 [ 0  0  0  0  0  0  0  0]]
end_game: 0
player: -1
action: (2, 3)
2020-06-09 07:17:13,599:main:  turn: 3
[[ 0  0  0  0  0  0  0  0]
 [ 0  0  0  0  0  0  0  0]
 [ 0  0 -1  0  0  0  0  0]
 [ 0  0  1 -1  1  0  0  0]
 [ 0  0  0  1 -1  0  0  0]
 [ 0  0  0  0  0  0  0  0]
 [ 0  0  0  0  0  0  0  0]
 [ 0  0  0  0  0  0  0  0]]
end_game: 0
player: 1
action: (2, 2)
2020-06-09 07:17:14,208:main:  turn: 4
[[ 0  0  0  0  0  0  0  0]
 [ 0  0  0  0  0  0  0  0]
 [ 0  0 -1  1  0  0  0  0]
 [ 0  0  1  1  1  0  0  0]
 [ 0  0  0  1 -1  0  0  0]
 [ 0  0  0  0  0  0  0  0]
 [ 0  0  0  0  0  0  0  0]
 [ 0  0  0  0  0  0  0  0]]
end_game: 0
player: -1
action: (3, 2)
2020-06-09 07:17:19,170:main:  turn: 5
[[ 0  0  0  0  0  0  0  0]
 [ 0  0  0  0  0  0  0  0]
 [ 0  0 -1 -1 -1  0  0  0]
 [ 0  0  1  1 -1  0  0  0]
 [ 0  0  0  1 -1  0  0  0]
 [ 0  0  0  0  0  0  0  0]
 [ 0  0  0  0  0  0  0  0]
 [ 0  0  0  0  0  0  0  0]]
end_game: 0
player: 1
action: (4, 2)
2020-06-09 07:17:19,762:main:  turn: 6
[[ 0  0  0  0  0  0  0  0]
 [ 0  0  0  1  0  0  0  0]
 [ 0  0 -1  1 -1  0  0  0]
 [ 0  0  1  1 -1  0  0  0]
 [ 0  0  0  1 -1  0  0  0]
 [ 0  0  0  0  0  0  0  0]
 [ 0  0  0  0  0  0  0  0]
 [ 0  0  0  0  0  0  0  0]]
end_game: 0
player: -1
action: (3, 1)
2020-06-09 07:17:21,282:main:  turn: 7
[[ 0  0 -1  0  0  0  0  0]
 [ 0  0  0 -1  0  0  0  0]
 [ 0  0 -1  1 -1  0  0  0]
 [ 0  0  1  1 -1  0  0  0]
 [ 0  0  0  1 -1  0  0  0]
 [ 0  0  0  0  0  0  0  0]
 [ 0  0  0  0  0  0  0  0]
 [ 0  0  0  0  0  0  0  0]]
end_game: 0
player: 1
action: (2, 0)
2020-06-09 07:17:21,866:main:  turn: 8
[[ 0  0 -1  0  0  0  0  0]
 [ 0  0  1 -1  0  0  0  0]
 [ 0  0  1  1 -1  0  0  0]
 [ 0  0  1  1 -1  0  0  0]
 [ 0  0  0  1 -1  0  0  0]
 [ 0  0  0  0  0  0  0  0]
 [ 0  0  0  0  0  0  0  0]
 [ 0  0  0  0  0  0  0  0]]
end_game: 0
player: -1
action: (2, 1)
2020-06-09 07:17:24,869:main:  turn: 9
[[ 0  0 -1  0  0  0  0  0]
 [ 0  0 -1 -1  0  0  0  0]
 [ 0  0 -1  1 -1  0  0  0]
 [ 0  0 -1 -1 -1  0  0  0]
 [ 0  0 -1 -1 -1  0  0  0]
 [ 0  0  0  0  0  0  0  0]
 [ 0  0  0  0  0  0  0  0]
 [ 0  0  0  0  0  0  0  0]]
end_game: 0
player: 1
action: (2, 4)
2020-06-09 07:17:25,387:main:  turn: 10
[[ 0  0 -1  0  0  0  0  0]
 [ 0  0 -1 -1  0  0  0  0]
 [ 0  0 -1  1 -1  0  0  0]
 [ 0  0  1 -1 -1  0  0  0]
 [ 0  1 -1 -1 -1  0  0  0]
 [ 0  0  0  0  0  0  0  0]
 [ 0  0  0  0  0  0  0  0]
 [ 0  0  0  0  0  0  0  0]]
end_game: 0
player: -1
action: (1, 4)
2020-06-09 07:17:27,125:main:  turn: 11
[[ 0  0 -1  0  0  0  0  0]
 [ 0  0 -1 -1  0  0  0  0]
 [ 0  0 -1  1 -1  0  0  0]
 [ 0 -1 -1 -1 -1  0  0  0]
 [ 0  1 -1 -1 -1  0  0  0]
 [ 0  0  0  0  0  0  0  0]
 [ 0  0  0  0  0  0  0  0]
 [ 0  0  0  0  0  0  0  0]]
end_game: 0
player: 1
action: (1, 3)
2020-06-09 07:17:28,048:main:  turn: 12
[[ 0  0 -1  0  0  0  0  0]
 [ 0  0 -1 -1  0  0  0  0]
 [ 0  1  1  1 -1  0  0  0]
 [ 0  1 -1 -1 -1  0  0  0]
 [ 0  1 -1 -1 -1  0  0  0]
 [ 0  0  0  0  0  0  0  0]
 [ 0  0  0  0  0  0  0  0]
 [ 0  0  0  0  0  0  0  0]]
end_game: 0
player: -1
action: (1, 2)
2020-06-09 07:17:29,961:main:  turn: 13
[[ 0  0 -1  0  0  0  0  0]
 [ 0  0 -1 -1  0  0  0  0]
 [-1 -1 -1 -1 -1  0  0  0]
 [ 0 -1 -1 -1 -1  0  0  0]
 [ 0  1 -1 -1 -1  0  0  0]
 [ 0  0  0  0  0  0  0  0]
 [ 0  0  0  0  0  0  0  0]
 [ 0  0  0  0  0  0  0  0]]
end_game: 0
player: 1
action: (0, 2)
2020-06-09 07:17:30,915:main:  turn: 14
[[ 0  0 -1  0  0  0  0  0]
 [ 0  0 -1 -1  1  0  0  0]
 [-1 -1 -1  1 -1  0  0  0]
 [ 0 -1  1 -1 -1  0  0  0]
 [ 0  1 -1 -1 -1  0  0  0]
 [ 0  0  0  0  0  0  0  0]
 [ 0  0  0  0  0  0  0  0]
 [ 0  0  0  0  0  0  0  0]]
end_game: 0
player: -1
action: (4, 1)
2020-06-09 07:17:33,235:main:  turn: 15
[[ 0  0 -1  0  0  0  0  0]
 [ 0  0 -1 -1  1  0  0  0]
 [-1 -1 -1  1 -1  0  0  0]
 [ 0 -1  1 -1 -1  0  0  0]
 [ 0 -1 -1 -1 -1  0  0  0]
 [ 0 -1  0  0  0  0  0  0]
 [ 0  0  0  0  0  0  0  0]
 [ 0  0  0  0  0  0  0  0]]
end_game: 0
player: 1
action: (1, 5)
2020-06-09 07:17:33,831:main:  turn: 16
[[ 0  0 -1  0  0  0  0  0]
 [ 0  0 -1 -1  1  0  0  0]
 [-1 -1 -1  1  1  1  0  0]
 [ 0 -1  1 -1 -1  0  0  0]
 [ 0 -1 -1 -1 -1  0  0  0]
 [ 0 -1  0  0  0  0  0  0]
 [ 0  0  0  0  0  0  0  0]
 [ 0  0  0  0  0  0  0  0]]
end_game: 0
player: -1
action: (5, 2)
2020-06-09 07:17:36,164:main:  turn: 17
[[ 0  0 -1  0  0 -1  0  0]
 [ 0  0 -1 -1 -1  0  0  0]
 [-1 -1 -1 -1  1  1  0  0]
 [ 0 -1 -1 -1 -1  0  0  0]
 [ 0 -1 -1 -1 -1  0  0  0]
 [ 0 -1  0  0  0  0  0  0]
 [ 0  0  0  0  0  0  0  0]
 [ 0  0  0  0  0  0  0  0]]
end_game: 0
player: 1
action: (5, 0)
2020-06-09 07:17:36,764:main:  turn: 18
[[ 0  0 -1  1  0 -1  0  0]
 [ 0  0 -1 -1  1  0  0  0]
 [-1 -1 -1 -1  1  1  0  0]
 [ 0 -1 -1 -1 -1  0  0  0]
 [ 0 -1 -1 -1 -1  0  0  0]
 [ 0 -1  0  0  0  0  0  0]
 [ 0  0  0  0  0  0  0  0]
 [ 0  0  0  0  0  0  0  0]]
end_game: 0
player: -1
action: (3, 0)
2020-06-09 07:17:38,581:main:  turn: 19
[[ 0  0 -1 -1 -1 -1  0  0]
 [ 0  0 -1 -1 -1  0  0  0]
 [-1 -1 -1 -1 -1  1  0  0]
 [ 0 -1 -1 -1 -1  0  0  0]
 [ 0 -1 -1 -1 -1  0  0  0]
 [ 0 -1  0  0  0  0  0  0]
 [ 0  0  0  0  0  0  0  0]
 [ 0  0  0  0  0  0  0  0]]
end_game: 0
player: 1
action: (4, 0)
2020-06-09 07:17:39,531:main:  turn: 20
[[ 0  0 -1 -1 -1 -1  0  0]
 [ 0  0 -1 -1 -1  0  0  0]
 [-1 -1 -1 -1 -1  1  0  0]
 [ 0 -1 -1 -1  1  0  0  0]
 [ 0 -1 -1  1 -1  0  0  0]
 [ 0 -1  1  0  0  0  0  0]
 [ 0  0  0  0  0  0  0  0]
 [ 0  0  0  0  0  0  0  0]]
end_game: 0
player: -1
action: (2, 5)
2020-06-09 07:17:40,956:main:  turn: 21
[[ 0  0 -1 -1 -1 -1  0  0]
 [ 0  0 -1 -1 -1  0  0  0]
 [-1 -1 -1 -1 -1  1  0  0]
 [ 0 -1 -1 -1 -1 -1  0  0]
 [ 0 -1 -1  1 -1  0  0  0]
 [ 0 -1  1  0  0  0  0  0]
 [ 0  0  0  0  0  0  0  0]
 [ 0  0  0  0  0  0  0  0]]
end_game: 0
player: 1
action: (5, 3)
2020-06-09 07:17:41,560:main:  turn: 22
[[ 0  0 -1 -1 -1 -1  0  0]
 [ 0  0 -1 -1 -1  0  0  0]
 [-1 -1 -1 -1 -1  1  0  0]
 [ 1 -1 -1 -1 -1 -1  0  0]
 [ 0  1 -1  1 -1  0  0  0]
 [ 0 -1  1  0  0  0  0  0]
 [ 0  0  0  0  0  0  0  0]
 [ 0  0  0  0  0  0  0  0]]
end_game: 0
player: -1
action: (0, 3)
2020-06-09 07:17:45,793:main:  turn: 23
[[ 0  0 -1 -1 -1 -1  0  0]
 [ 0  0 -1 -1 -1  0  0  0]
 [-1 -1 -1 -1 -1  1  0  0]
 [-1 -1 -1 -1 -1 -1  0  0]
 [-1 -1 -1  1 -1  0  0  0]
 [ 0 -1  1  0  0  0  0  0]
 [ 0  0  0  0  0  0  0  0]
 [ 0  0  0  0  0  0  0  0]]
end_game: 0
player: 1
action: (0, 4)
2020-06-09 07:17:46,405:main:  turn: 24
[[ 0  0 -1 -1 -1 -1  0  0]
 [ 0  0 -1 -1 -1  0  0  0]
 [-1 -1 -1 -1 -1  1  0  0]
 [-1 -1 -1 -1 -1 -1  0  0]
 [-1 -1 -1  1 -1  0  0  0]
 [ 1  1  1  0  0  0  0  0]
 [ 0  0  0  0  0  0  0  0]
 [ 0  0  0  0  0  0  0  0]]
end_game: 0
player: -1
action: (0, 5)
2020-06-09 07:17:48,259:main:  turn: 25
[[ 0  0 -1 -1 -1 -1  0  0]
 [ 0  0 -1 -1 -1  0  0  0]
 [-1 -1 -1 -1 -1  1  0  0]
 [-1 -1 -1 -1 -1 -1  0  0]
 [-1 -1 -1  1 -1  0  0  0]
 [-1 -1  1  0  0  0  0  0]
 [-1  0  0  0  0  0  0  0]
 [ 0  0  0  0  0  0  0  0]]
end_game: 0
player: 1
action: (0, 6)
2020-06-09 07:17:49,230:main:  turn: 26
[[ 0  0 -1 -1 -1 -1  0  0]
 [ 0  0 -1 -1 -1  0  0  0]
 [-1 -1 -1 -1 -1  1  0  0]
 [-1 -1 -1 -1 -1  1  0  0]
 [-1 -1 -1  1  1  1  0  0]
 [-1 -1  1  0  0  0  0  0]
 [-1  0  0  0  0  0  0  0]
 [ 0  0  0  0  0  0  0  0]]
end_game: 0
player: -1
action: (5, 4)
2020-06-09 07:17:51,755:main:  turn: 27
[[ 0  0 -1 -1 -1 -1  0  0]
 [ 0  0 -1 -1 -1  0  0  0]
 [-1 -1 -1 -1 -1  1  0  0]
 [-1 -1 -1 -1 -1  1  0  0]
 [-1 -1 -1 -1  1  1  0  0]
 [-1 -1 -1 -1  0  0  0  0]
 [-1  0  0  0  0  0  0  0]
 [ 0  0  0  0  0  0  0  0]]
end_game: 0
player: 1
action: (3, 5)
2020-06-09 07:17:52,700:main:  turn: 28
[[ 0  0 -1 -1 -1 -1  0  0]
 [ 0  1 -1 -1 -1  0  0  0]
 [-1 -1  1 -1 -1  1  0  0]
 [-1 -1 -1  1 -1  1  0  0]
 [-1 -1 -1 -1  1  1  0  0]
 [-1 -1 -1 -1  0  0  0  0]
 [-1  0  0  0  0  0  0  0]
 [ 0  0  0  0  0  0  0  0]]
end_game: 0
player: -1
action: (1, 1)
2020-06-09 07:18:02,366:main:  turn: 29
[[ 0  0 -1 -1 -1 -1  0  0]
 [ 0  1 -1 -1 -1  0  0  0]
 [-1 -1  1 -1 -1  1  0  0]
 [-1 -1 -1  1 -1  1  0  0]
 [-1 -1 -1 -1 -1  1  0  0]
 [-1 -1 -1 -1 -1  0  0  0]
 [-1  0  0  0  0  0  0  0]
 [ 0  0  0  0  0  0  0  0]]
end_game: 0
player: 1
action: (4, 5)
2020-06-09 07:18:03,024:main:  turn: 30
[[ 0  0 -1 -1 -1 -1  0  0]
 [ 0  1 -1 -1 -1  0  0  0]
 [-1 -1  1 -1 -1  1  0  0]
 [-1 -1 -1  1 -1  1  0  0]
 [-1 -1 -1 -1  1  1  0  0]
 [-1 -1 -1 -1 -1  1  0  0]
 [-1  0  0  0  0  0  0  0]
 [ 0  0  0  0  0  0  0  0]]
end_game: 0
player: -1
action: (5, 5)
2020-06-09 07:18:06,078:main:  turn: 31
[[ 0  0 -1 -1 -1 -1  0  0]
 [ 0  1 -1 -1 -1  0  0  0]
 [-1 -1  1 -1 -1  1  0  0]
 [-1 -1 -1  1 -1 -1  0  0]
 [-1 -1 -1 -1 -1 -1 -1  0]
 [-1 -1 -1 -1 -1  1  0  0]
 [-1  0  0  0  0  0  0  0]
 [ 0  0  0  0  0  0  0  0]]
end_game: 0
player: 1
action: (6, 4)
2020-06-09 07:18:07,028:main:  turn: 32
[[ 0  0 -1 -1 -1 -1  0  0]
 [ 0  1 -1 -1 -1  0  0  0]
 [-1 -1  1 -1 -1  1  0  0]
 [-1 -1 -1  1  1  1  1  0]
 [-1 -1 -1 -1 -1 -1 -1  0]
 [-1 -1 -1 -1 -1  1  0  0]
 [-1  0  0  0  0  0  0  0]
 [ 0  0  0  0  0  0  0  0]]
end_game: 0
player: -1
action: (6, 3)
2020-06-09 07:18:25,118:main:  turn: 33
[[-1  0 -1 -1 -1 -1  0  0]
 [ 0 -1 -1 -1 -1  0  0  0]
 [-1 -1 -1 -1 -1  1  0  0]
 [-1 -1 -1 -1  1  1  1  0]
 [-1 -1 -1 -1 -1 -1 -1  0]
 [-1 -1 -1 -1 -1  1  0  0]
 [-1  0  0  0  0  0  0  0]
 [ 0  0  0  0  0  0  0  0]]
end_game: 0
player: 1
action: (0, 0)
2020-06-09 07:18:26,085:main:  turn: 34
[[-1  0 -1 -1 -1 -1  0  0]
 [ 0 -1 -1 -1 -1  0  0  0]
 [-1 -1 -1 -1 -1  1  0  0]
 [-1 -1 -1 -1  1  1  1  0]
 [-1 -1 -1 -1 -1 -1  1  0]
 [-1 -1 -1 -1 -1  1  0  1]
 [-1  0  0  0  0  0  0  0]
 [ 0  0  0  0  0  0  0  0]]
end_game: 0
player: -1
action: (7, 5)
2020-06-09 07:18:31,321:main:  turn: 35
[[-1  0 -1 -1 -1 -1  0  0]
 [ 0 -1 -1 -1 -1  0  0  0]
 [-1 -1 -1 -1 -1  1  0  0]
 [-1 -1 -1 -1  1  1  1  0]
 [-1 -1 -1 -1 -1 -1  1  0]
 [-1 -1 -1 -1 -1 -1 -1  1]
 [-1  0  0  0  0  0  0  0]
 [ 0  0  0  0  0  0  0  0]]
end_game: 0
player: 1
action: (6, 5)
2020-06-09 07:18:32,288:main:  turn: 36
[[-1  0 -1 -1 -1 -1  0  0]
 [ 0 -1 -1 -1 -1  0  0  0]
 [-1 -1 -1 -1 -1  1  0  0]
 [-1 -1 -1 -1  1  1  1  0]
 [-1 -1 -1 -1 -1  1  1  0]
 [-1 -1 -1 -1 -1  1 -1  1]
 [-1  0  0  0  0  1  0  0]
 [ 0  0  0  0  0  0  0  0]]
end_game: 0
player: -1
action: (5, 6)
2020-06-09 07:18:47,486:main:  turn: 37
[[-1  0 -1 -1 -1 -1  0  0]
 [ 0 -1 -1 -1 -1  0  0  0]
 [-1 -1 -1 -1 -1  1  0  0]
 [-1 -1 -1 -1 -1 -1 -1 -1]
 [-1 -1 -1 -1 -1  1  1  0]
 [-1 -1 -1 -1 -1  1 -1  1]
 [-1  0  0  0  0  1  0  0]
 [ 0  0  0  0  0  0  0  0]]
end_game: 0
player: 1
action: (7, 3)
2020-06-09 07:18:48,457:main:  turn: 38
[[-1  0 -1 -1 -1 -1  0  0]
 [ 0 -1 -1 -1 -1  0  0  0]
 [-1 -1 -1 -1 -1  1  0  0]
 [-1 -1 -1 -1 -1 -1  1 -1]
 [-1 -1 -1 -1 -1  1  1  1]
 [-1 -1 -1 -1 -1  1  1  1]
 [-1  0  0  0  0  1  0  0]
 [ 0  0  0  0  0  0  0  0]]
end_game: 0
player: -1
action: (7, 4)
2020-06-09 07:19:05,281:main:  turn: 39
[[-1  0 -1 -1 -1 -1  0  0]
 [ 0 -1 -1 -1 -1  0  0  0]
 [-1 -1 -1 -1 -1  1  0  0]
 [-1 -1 -1 -1 -1 -1  1 -1]
 [-1 -1 -1 -1 -1 -1  1  1]
 [-1 -1 -1 -1 -1 -1  1  1]
 [-1  0  0  0  0 -1  0  0]
 [ 0  0  0  0  0 -1  0  0]]
end_game: 0
player: 1
action: (5, 7)
2020-06-09 07:19:06,301:main:  turn: 40
[[-1  0 -1 -1 -1 -1  0  0]
 [ 0 -1 -1 -1 -1  0  0  0]
 [-1 -1 -1 -1 -1  1  0  1]
 [-1 -1 -1 -1 -1 -1  1  1]
 [-1 -1 -1 -1 -1 -1  1  1]
 [-1 -1 -1 -1 -1 -1  1  1]
 [-1  0  0  0  0 -1  0  0]
 [ 0  0  0  0  0 -1  0  0]]
end_game: 0
player: -1
action: (7, 2)
2020-06-09 07:19:08,547:main:  turn: 41
[[-1  0 -1 -1 -1 -1  0  0]
 [ 0 -1 -1 -1 -1 -1  0  0]
 [-1 -1 -1 -1 -1 -1  0  1]
 [-1 -1 -1 -1 -1 -1  1  1]
 [-1 -1 -1 -1 -1 -1  1  1]
 [-1 -1 -1 -1 -1 -1  1  1]
 [-1  0  0  0  0 -1  0  0]
 [ 0  0  0  0  0 -1  0  0]]
end_game: 0
player: 1
action: (5, 1)
2020-06-09 07:19:09,214:main:  turn: 42
[[-1  0 -1 -1 -1 -1  0  0]
 [ 0 -1 -1 -1 -1 -1  0  0]
 [-1 -1 -1 -1 -1 -1  0  1]
 [-1 -1 -1 -1 -1 -1  1  1]
 [-1 -1 -1 -1 -1 -1  1  1]
 [-1 -1 -1 -1 -1  1  1  1]
 [-1  0  0  0  1 -1  0  0]
 [ 0  0  0  0  0 -1  0  0]]
end_game: 0
player: -1
action: (4, 6)
2020-06-09 07:19:13,654:main:  turn: 43
[[-1  0 -1 -1 -1 -1  0  0]
 [ 0 -1 -1 -1 -1 -1  0  0]
 [-1 -1 -1 -1 -1 -1  0  1]
 [-1 -1 -1 -1 -1 -1  1  1]
 [-1 -1 -1 -1 -1 -1  1  1]
 [-1 -1 -1 -1 -1  1  1  1]
 [-1  0  0  0 -1 -1  0  0]
 [ 0  0  0  0 -1 -1  0  0]]
end_game: 0
player: 1
action: (4, 7)
2020-06-09 07:19:14,654:main:  turn: 44
[[-1  0 -1 -1 -1 -1  0  0]
 [ 0 -1 -1 -1 -1 -1  0  0]
 [-1 -1 -1 -1 -1 -1  0  1]
 [-1 -1 -1 -1 -1 -1  1  1]
 [-1 -1 -1 -1 -1  1  1  1]
 [-1 -1 -1 -1  1  1  1  1]
 [-1  0  0  1 -1 -1  0  0]
 [ 0  0  0  0 -1 -1  0  0]]
end_game: 0
player: -1
action: (3, 6)
2020-06-09 07:19:19,687:main:  turn: 45
[[-1  0 -1 -1 -1 -1  0  0]
 [ 0 -1 -1 -1 -1 -1  0  0]
 [-1 -1 -1 -1 -1 -1  0  1]
 [-1 -1 -1 -1 -1 -1  1  1]
 [-1 -1 -1 -1 -1  1  1  1]
 [-1 -1 -1 -1  1  1  1  1]
 [-1  0 -1 -1 -1 -1  0  0]
 [ 0  0  0  0 -1 -1  0  0]]
end_game: 0
player: 1
action: (2, 6)
2020-06-09 07:19:20,229:main:  turn: 46
[[-1  0 -1 -1 -1 -1  0  0]
 [ 0 -1 -1 -1 -1 -1  0  0]
 [-1 -1 -1 -1 -1 -1  0  1]
 [-1 -1 -1 -1 -1 -1  1  1]
 [-1 -1 -1 -1 -1  1  1  1]
 [-1 -1 -1 -1  1  1  1  1]
 [-1  0 -1  1 -1 -1  0  0]
 [ 0  0  1  0 -1 -1  0  0]]
end_game: 0
player: -1
action: (2, 7)
2020-06-09 07:20:19,906:main:  turn: 47
[[-1  0 -1 -1 -1 -1  0  0]
 [ 0 -1 -1 -1 -1 -1  0  0]
 [-1 -1 -1 -1 -1 -1  0  1]
 [-1 -1 -1 -1 -1 -1  1  1]
 [-1 -1 -1 -1 -1 -1  1  1]
 [-1 -1 -1 -1  1  1 -1  1]
 [-1  0 -1  1 -1 -1  0 -1]
 [ 0  0  1  0 -1 -1  0  0]]
end_game: 0
player: 1
action: (7, 6)
2020-06-09 07:20:20,785:main:  turn: 48
[[-1  0 -1 -1 -1 -1  0  0]
 [ 0 -1 -1 -1 -1 -1  0  0]
 [-1 -1 -1 -1 -1 -1  0  1]
 [-1 -1 -1 -1 -1 -1  1  1]
 [-1 -1 -1 -1 -1 -1  1  1]
 [-1 -1 -1 -1  1  1 -1  1]
 [-1  0 -1  1 -1 -1  0  1]
 [ 0  0  1  0 -1 -1  0  1]]
end_game: 0
player: -1
action: (7, 7)
2020-06-09 07:20:23,347:main:  turn: 49
[[-1  0 -1 -1 -1 -1  0  0]
 [ 0 -1 -1 -1 -1 -1  0  0]
 [-1 -1 -1 -1 -1 -1  0  1]
 [-1 -1 -1 -1 -1 -1  1  1]
 [-1 -1 -1 -1 -1 -1  1  1]
 [-1 -1 -1 -1  1 -1 -1  1]
 [-1  0 -1  1 -1 -1 -1  1]
 [ 0  0  1  0 -1 -1  0  1]]
end_game: 0
player: 1
action: (6, 6)
2020-06-09 07:20:24,551:main:  turn: 50
[[-1  0 -1 -1 -1 -1  0  0]
 [ 0 -1 -1 -1 -1 -1  0  0]
 [-1 -1 -1 -1 -1 -1  0  1]
 [-1 -1 -1 -1 -1 -1  1  1]
 [-1 -1 -1 -1 -1 -1  1  1]
 [-1 -1 -1 -1  1 -1  1  1]
 [-1  0 -1  1 -1  1  1  1]
 [ 0  0  1  0 -1 -1  1  1]]
end_game: 0
player: -1
action: (6, 7)
2020-06-09 07:20:29,305:main:  turn: 51
[[-1  0 -1 -1 -1 -1  0  0]
 [ 0 -1 -1 -1 -1 -1  0  0]
 [-1 -1 -1 -1 -1 -1  0  1]
 [-1 -1 -1 -1 -1 -1  1  1]
 [-1 -1 -1 -1 -1 -1  1  1]
 [-1 -1 -1 -1  1  1 -1  1]
 [-1  0 -1  1 -1 -1  0  1]
 [ 0  0  1  0 -1 -1  0  1]]
end_game: 0
player: -1
action: (7, 7)
2020-06-09 07:20:33,455:main:  turn: 52
[[-1  0 -1 -1 -1 -1  0  0]
 [ 0 -1 -1 -1 -1 -1  0  0]
 [-1 -1 -1 -1 -1 -1 -1  1]
 [-1 -1 -1 -1 -1 -1 -1  1]
 [-1 -1 -1 -1 -1 -1 -1  1]
 [-1 -1 -1 -1  1  1 -1  1]
 [-1  0 -1  1 -1 -1  0  1]
 [ 0  0  1  0 -1 -1  0  1]]
end_game: 0
player: 1
action: (6, 2)
2020-06-09 07:20:33,938:main:  turn: 53
[[-1  0 -1 -1 -1 -1  0  0]
 [ 0 -1 -1 -1 -1 -1  0  0]
 [-1 -1 -1 -1 -1 -1 -1  1]
 [-1 -1 -1 -1 -1 -1 -1  1]
 [-1 -1 -1 -1 -1 -1 -1  1]
 [-1 -1 -1 -1  1  1 -1  1]
 [-1  0 -1  1 -1  1  0  1]
 [ 0  0  1  0 -1 -1  1  1]]
end_game: 0
player: -1
action: (6, 7)
2020-06-09 07:20:37,471:main:  turn: 54
[[-1  0 -1 -1 -1 -1  0  0]
 [ 0 -1 -1 -1 -1 -1  0  0]
 [-1 -1 -1 -1 -1 -1 -1  1]
 [-1 -1 -1 -1 -1 -1 -1  1]
 [-1 -1 -1 -1 -1 -1 -1  1]
 [-1 -1 -1 -1  1  1 -1  1]
 [-1  0 -1 -1 -1  1  0  1]
 [ 0  0  1 -1 -1 -1  1  1]]
end_game: 0
player: 1
action: (3, 7)
2020-06-09 07:20:38,746:main:  turn: 55
[[-1  0 -1 -1 -1 -1  0  0]
 [ 0 -1 -1 -1 -1 -1  0  0]
 [-1 -1 -1 -1 -1 -1 -1  1]
 [-1 -1 -1 -1 -1 -1 -1  1]
 [-1 -1 -1 -1 -1 -1 -1  1]
 [-1 -1 -1 -1  1  1 -1  1]
 [-1  1  1  1  1  1  0  1]
 [ 0  0  1 -1 -1 -1  1  1]]
end_game: 0
player: -1
action: (1, 6)
2020-06-09 07:20:43,166:main:  turn: 56
[[-1  0 -1 -1 -1 -1  0  0]
 [ 0 -1 -1 -1 -1 -1  0  0]
 [-1 -1 -1 -1 -1 -1 -1  1]
 [-1 -1 -1 -1 -1 -1 -1  1]
 [-1 -1 -1 -1 -1 -1 -1  1]
 [-1 -1 -1 -1  1  1 -1  1]
 [-1 -1  1  1  1  1  0  1]
 [-1  0  1 -1 -1 -1  1  1]]
end_game: 0
player: 1
action: (0, 7)
2020-06-09 07:20:44,604:main:  turn: 57
[[-1  0 -1 -1 -1 -1  0  0]
 [ 0 -1 -1 -1 -1 -1  0  1]
 [-1 -1 -1 -1 -1 -1  1  1]
 [-1 -1 -1 -1 -1  1 -1  1]
 [-1 -1 -1 -1  1 -1 -1  1]
 [-1 -1 -1  1  1  1 -1  1]
 [-1 -1  1  1  1  1  0  1]
 [-1  0  1 -1 -1 -1  1  1]]
end_game: 0
player: -1
action: (7, 1)
2020-06-09 07:20:54,081:main:  turn: 58
[[-1  0 -1 -1 -1 -1  0  0]
 [ 0 -1 -1 -1 -1 -1  0  1]
 [-1 -1 -1 -1 -1 -1  1  1]
 [-1 -1 -1 -1 -1  1 -1  1]
 [-1 -1 -1 -1  1 -1 -1  1]
 [-1 -1 -1  1  1  1 -1  1]
 [-1 -1  1  1  1  1  0  1]
 [-1 -1 -1 -1 -1 -1  1  1]]
end_game: 0
player: 1
action: (1, 7)
2020-06-09 07:20:55,190:main:  turn: 59
[[-1  0 -1 -1 -1 -1  0  0]
 [ 0 -1 -1 -1 -1 -1  0  1]
 [-1 -1 -1 -1 -1 -1  1  1]
 [-1 -1 -1 -1 -1  1  1  1]
 [-1 -1 -1 -1  1 -1  1  1]
 [-1 -1 -1  1  1  1  1  1]
 [-1 -1  1  1  1  1  1  1]
 [-1 -1 -1 -1 -1 -1  1  1]]
end_game: 0
player: -1
action: (6, 6)
2020-06-09 07:21:00,206:main:  turn: 60
[[-1  0 -1 -1 -1 -1  0  0]
 [ 0 -1 -1 -1 -1 -1  0  1]
 [-1 -1 -1 -1 -1 -1  1  1]
 [-1 -1 -1 -1 -1  1  1  1]
 [-1 -1 -1 -1  1 -1  1  1]
 [-1 -1 -1  1  1  1  1  1]
 [-1 -1  1  1  1  1  1  1]
 [-1 -1 -1 -1 -1 -1  1  1]]
end_game: 0
player: 1
action: None
2020-06-09 07:21:01,247:main:  turn: 61
[[-1  0 -1 -1 -1 -1  0  0]
 [ 1 -1 -1 -1 -1 -1  0  1]
 [-1  1 -1 -1 -1 -1  1  1]
 [-1 -1  1 -1 -1  1  1  1]
 [-1 -1 -1  1  1 -1  1  1]
 [-1 -1 -1  1  1  1  1  1]
 [-1 -1  1  1  1  1  1  1]
 [-1 -1 -1 -1 -1 -1  1  1]]
end_game: 0
player: -1
action: (0, 1)
2020-06-09 07:21:06,260:main:  turn: 62
[[-1  0 -1 -1 -1 -1  0  0]
 [ 1 -1 -1 -1 -1 -1  0  1]
 [-1  1 -1 -1 -1 -1  1  1]
 [-1 -1  1 -1 -1  1  1  1]
 [-1 -1 -1  1  1 -1  1  1]
 [-1 -1 -1  1  1  1  1  1]
 [-1 -1  1  1  1  1  1  1]
 [-1 -1 -1 -1 -1 -1  1  1]]
end_game: 0
player: 1
action: None
2020-06-09 07:21:07,959:main:  turn: 63
[[-1  1 -1 -1 -1 -1  0  0]
 [ 1  1  1 -1 -1 -1  0  1]
 [-1  1 -1  1 -1 -1  1  1]
 [-1 -1  1 -1  1  1  1  1]
 [-1 -1 -1  1  1  1  1  1]
 [-1 -1 -1  1  1  1  1  1]
 [-1 -1  1  1  1  1  1  1]
 [-1 -1 -1 -1 -1 -1  1  1]]
end_game: 0
player: -1
action: (1, 0)
2020-06-09 07:21:12,972:main:  turn: 64
[[-1  1 -1 -1 -1 -1  0  0]
 [ 1  1  1 -1 -1 -1  0  1]
 [-1  1 -1  1 -1 -1  1  1]
 [-1 -1  1 -1  1  1  1  1]
 [-1 -1 -1  1  1  1  1  1]
 [-1 -1 -1  1  1  1  1  1]
 [-1 -1  1  1  1  1  1  1]
 [-1 -1 -1 -1 -1 -1  1  1]]
end_game: 0
player: 1
action: None
2020-06-09 07:21:14,363:main:  turn: 65
[[-1  1 -1 -1 -1 -1  0  0]
 [ 1  1  1  1  1  1  1  1]
 [-1  1 -1  1 -1  1  1  1]
 [-1 -1  1 -1  1  1  1  1]
 [-1 -1 -1  1  1  1  1  1]
 [-1 -1 -1  1  1  1  1  1]
 [-1 -1  1  1  1  1  1  1]
 [-1 -1 -1 -1 -1 -1  1  1]]
end_game: 0
player: -1
action: (6, 1)
2020-06-09 07:21:21,284:main:  turn: 66
[[-1  1 -1 -1 -1 -1  0 -1]
 [ 1  1  1  1  1  1 -1  1]
 [-1  1 -1  1 -1 -1  1  1]
 [-1 -1  1 -1 -1  1  1  1]
 [-1 -1 -1 -1  1  1  1  1]
 [-1 -1 -1  1  1  1  1  1]
 [-1 -1  1  1  1  1  1  1]
 [-1 -1 -1 -1 -1 -1  1  1]]
end_game: 0
player: 1
action: (7, 0)
2020-06-09 07:21:22,987:main:  turn: 67
[[-1  1  1  1  1  1  1 -1]
 [ 1  1  1  1  1  1  1  1]
 [-1  1 -1  1 -1 -1  1  1]
 [-1 -1  1 -1 -1  1  1  1]
 [-1 -1 -1 -1  1  1  1  1]
 [-1 -1 -1  1  1  1  1  1]
 [-1 -1  1  1  1  1  1  1]
 [-1 -1 -1 -1 -1 -1  1  1]]
end_game: 1
player: -1
action: (6, 0)
2020-06-09 07:21:26,691:main:  turn: 1
[[ 0  0  0  0  0  0  0  0]
 [ 0  0  0  0  0  0  0  0]
 [ 0  0  0  0  0  0  0  0]
 [ 0  0  0 -1  1  0  0  0]
 [ 0  0  0  1 -1  0  0  0]
 [ 0  0  0  0  0  0  0  0]
 [ 0  0  0  0  0  0  0  0]
 [ 0  0  0  0  0  0  0  0]]
end_game: 0
player: 1
action: None
2020-06-09 07:21:27,645:main:  turn: 2
[[ 0  0  0  0  0  0  0  0]
 [ 0  0  0  0  0  0  0  0]
 [ 0  0  0  1  0  0  0  0]
 [ 0  0  0  1  1  0  0  0]
 [ 0  0  0  1 -1  0  0  0]
 [ 0  0  0  0  0  0  0  0]
 [ 0  0  0  0  0  0  0  0]
 [ 0  0  0  0  0  0  0  0]]
end_game: 0
player: -1
action: (3, 2)
2020-06-09 07:21:29,058:main:  turn: 3
[[ 0  0  0  0  0  0  0  0]
 [ 0  0  0  0  0  0  0  0]
 [ 0  0 -1  1  0  0  0  0]
 [ 0  0  0 -1  1  0  0  0]
 [ 0  0  0  1 -1  0  0  0]
 [ 0  0  0  0  0  0  0  0]
 [ 0  0  0  0  0  0  0  0]
 [ 0  0  0  0  0  0  0  0]]
end_game: 0
player: 1
action: (2, 2)
2020-06-09 07:21:29,649:main:  turn: 4
[[ 0  0  0  0  0  0  0  0]
 [ 0  0  0  0  0  0  0  0]
 [ 0  0 -1  1  0  0  0  0]
 [ 0  0  1  1  1  0  0  0]
 [ 0  0  0  1 -1  0  0  0]
 [ 0  0  0  0  0  0  0  0]
 [ 0  0  0  0  0  0  0  0]
 [ 0  0  0  0  0  0  0  0]]
end_game: 0
player: -1
action: (2, 3)
2020-06-09 07:21:30,999:main:  turn: 5
[[ 0  0  0  0  0  0  0  0]
 [ 0  0  0  0  0  0  0  0]
 [ 0  0 -1  1  0  0  0  0]
 [ 0  0 -1  1  1  0  0  0]
 [ 0  0 -1 -1 -1  0  0  0]
 [ 0  0  0  0  0  0  0  0]
 [ 0  0  0  0  0  0  0  0]
 [ 0  0  0  0  0  0  0  0]]
end_game: 0
player: 1
action: (2, 4)
2020-06-09 07:21:31,599:main:  turn: 6
[[ 0  0  0  0  0  0  0  0]
 [ 0  0  0  0  0  0  0  0]
 [ 0  0 -1  1  0  0  0  0]
 [ 0  0 -1  1  1  0  0  0]
 [ 0  0 -1  1 -1  0  0  0]
 [ 0  0  0  1  0  0  0  0]
 [ 0  0  0  0  0  0  0  0]
 [ 0  0  0  0  0  0  0  0]]
end_game: 0
player: -1
action: (3, 5)
2020-06-09 07:21:32,661:main:  turn: 7
[[ 0  0  0  0  0  0  0  0]
 [ 0  0  0  0  0  0  0  0]
 [ 0  0 -1  1  0  0  0  0]
 [ 0  0 -1  1  1  0  0  0]
 [ 0  0 -1 -1 -1  0  0  0]
 [ 0  0  0  1 -1  0  0  0]
 [ 0  0  0  0  0  0  0  0]
 [ 0  0  0  0  0  0  0  0]]
end_game: 0
player: 1
action: (4, 5)
2020-06-09 07:21:33,261:main:  turn: 8
[[ 0  0  0  0  0  0  0  0]
 [ 0  0  0  0  0  0  0  0]
 [ 0  0 -1  1  0  0  0  0]
 [ 0  0 -1  1  1  0  0  0]
 [ 0  0 -1  1 -1  0  0  0]
 [ 0  0  1  1 -1  0  0  0]
 [ 0  0  0  0  0  0  0  0]
 [ 0  0  0  0  0  0  0  0]]
end_game: 0
player: -1
action: (2, 5)
2020-06-09 07:21:34,903:main:  turn: 9
[[ 0  0  0  0  0  0  0  0]
 [ 0  0  0  0  0  0  0  0]
 [ 0  0 -1 -1 -1  0  0  0]
 [ 0  0 -1 -1 -1  0  0  0]
 [ 0  0 -1  1 -1  0  0  0]
 [ 0  0  1  1 -1  0  0  0]
 [ 0  0  0  0  0  0  0  0]
 [ 0  0  0  0  0  0  0  0]]
end_game: 0
player: 1
action: (4, 2)
2020-06-09 07:21:35,494:main:  turn: 10
[[ 0  0  0  0  0  0  0  0]
 [ 0  0  0  0  0  0  0  0]
 [ 0  0 -1 -1 -1  0  0  0]
 [ 0  0 -1 -1 -1  0  0  0]
 [ 0  1  1  1 -1  0  0  0]
 [ 0  0  1  1 -1  0  0  0]
 [ 0  0  0  0  0  0  0  0]
 [ 0  0  0  0  0  0  0  0]]
end_game: 0
player: -1
action: (1, 4)
2020-06-09 07:21:37,603:main:  turn: 11
[[ 0  0  0  0  0  0  0  0]
 [ 0  0  0  0  0  0  0  0]
 [ 0  0 -1 -1 -1  0  0  0]
 [ 0  0 -1 -1 -1  0  0  0]
 [-1 -1 -1 -1 -1  0  0  0]
 [ 0  0  1  1 -1  0  0  0]
 [ 0  0  0  0  0  0  0  0]
 [ 0  0  0  0  0  0  0  0]]
end_game: 0
player: 1
action: (0, 4)
2020-06-09 07:21:38,202:main:  turn: 12
[[ 0  0  0  0  0  0  0  0]
 [ 0  0  0  0  0  0  0  0]
 [ 0  0 -1 -1 -1  0  0  0]
 [ 0  0 -1 -1 -1  0  0  0]
 [-1 -1 -1 -1 -1  0  0  0]
 [ 0  0  1  1  1  1  0  0]
 [ 0  0  0  0  0  0  0  0]
 [ 0  0  0  0  0  0  0  0]]
end_game: 0
player: -1
action: (5, 5)
2020-06-09 07:21:41,086:main:  turn: 13
[[ 0  0  0  0  0  0  0  0]
 [ 0  0  0  0  0  0  0  0]
 [ 0  0 -1 -1 -1  0  0  0]
 [ 0  0 -1 -1 -1  0  0  0]
 [ 0  1  1  1 -1  0  0  0]
 [ 0  0  1  1 -1  0  0  0]
 [ 0  0  0  0  0  0  0  0]
 [ 0  0  0  0  0  0  0  0]]
end_game: 0
player: -1
action: (1, 4)
2020-06-09 07:21:41,852:main:  turn: 14
[[ 0  0  0  0  0  0  0  0]
 [ 0  0  0  0  0  0  0  0]
 [ 0  0 -1 -1 -1  0  0  0]
 [ 0  0 -1 -1 -1  0  0  0]
 [ 0 -1  1  1 -1  0  0  0]
 [-1  0  1  1 -1  0  0  0]
 [ 0  0  0  0  0  0  0  0]
 [ 0  0  0  0  0  0  0  0]]
end_game: 0
player: 1
action: (0, 5)
2020-06-09 07:21:42,481:main:  turn: 15
[[ 0  0  0  0  0  0  0  0]
 [ 0  0  0  0  0  0  0  0]
 [ 0  0 -1 -1 -1  0  0  0]
 [ 1  0 -1 -1 -1  0  0  0]
 [ 0  1  1  1 -1  0  0  0]
 [-1  0  1  1 -1  0  0  0]
 [ 0  0  0  0  0  0  0  0]
 [ 0  0  0  0  0  0  0  0]]
end_game: 0
player: -1
action: (0, 3)
2020-06-09 07:21:44,315:main:  turn: 16
[[ 0  0  0  0  0  0  0  0]
 [ 0  0  0  0  0  0  0  0]
 [ 0  0 -1 -1 -1  0  0  0]
 [ 1  0 -1 -1 -1  0  0  0]
 [ 0  1 -1  1 -1  0  0  0]
 [-1 -1 -1 -1 -1  0  0  0]
 [ 0  0  0  0  0  0  0  0]
 [ 0  0  0  0  0  0  0  0]]
end_game: 0
player: 1
action: (1, 5)
2020-06-09 07:21:44,914:main:  turn: 17
[[ 0  0  0  0  0  0  0  0]
 [ 0  0  0  0  0  0  0  0]
 [ 0  0 -1 -1 -1  1  0  0]
 [ 1  0 -1 -1  1  0  0  0]
 [ 0  1 -1  1 -1  0  0  0]
 [-1 -1 -1 -1 -1  0  0  0]
 [ 0  0  0  0  0  0  0  0]
 [ 0  0  0  0  0  0  0  0]]
end_game: 0
player: -1
action: (5, 2)
2020-06-09 07:21:46,239:main:  turn: 18
[[ 0  0  0  0  0  0  0  0]
 [ 0  0  0  0  0  0  0  0]
 [ 0  0 -1 -1 -1  1  0  0]
 [ 1  0 -1 -1 -1 -1  0  0]
 [ 0  1 -1  1 -1  0  0  0]
 [-1 -1 -1 -1 -1  0  0  0]
 [ 0  0  0  0  0  0  0  0]
 [ 0  0  0  0  0  0  0  0]]
end_game: 0
player: 1
action: (5, 3)
2020-06-09 07:21:47,176:main:  turn: 19
[[ 0  0  0  0  0  0  0  0]
 [ 0  0  0  1  0  0  0  0]
 [ 0  0 -1  1 -1  1  0  0]
 [ 1  0 -1  1 -1 -1  0  0]
 [ 0  1 -1  1 -1  0  0  0]
 [-1 -1 -1 -1 -1  0  0  0]
 [ 0  0  0  0  0  0  0  0]
 [ 0  0  0  0  0  0  0  0]]
end_game: 0
player: -1
action: (3, 1)
2020-06-09 07:21:48,422:main:  turn: 20
[[ 0  0 -1  0  0  0  0  0]
 [ 0  0  0 -1  0  0  0  0]
 [ 0  0 -1  1 -1  1  0  0]
 [ 1  0 -1  1 -1 -1  0  0]
 [ 0  1 -1  1 -1  0  0  0]
 [-1 -1 -1 -1 -1  0  0  0]
 [ 0  0  0  0  0  0  0  0]
 [ 0  0  0  0  0  0  0  0]]
end_game: 0
player: 1
action: (2, 0)
2020-06-09 07:21:49,022:main:  turn: 21
[[ 0  0 -1  1  0  0  0  0]
 [ 0  0  0  1  0  0  0  0]
 [ 0  0 -1  1 -1  1  0  0]
 [ 1  0 -1  1 -1 -1  0  0]
 [ 0  1 -1  1 -1  0  0  0]
 [-1 -1 -1 -1 -1  0  0  0]
 [ 0  0  0  0  0  0  0  0]
 [ 0  0  0  0  0  0  0  0]]
end_game: 0
player: -1
action: (3, 0)
2020-06-09 07:21:50,205:main:  turn: 22
[[ 0  0 -1  1  0  0  0  0]
 [ 0  0 -1  1  0  0  0  0]
 [ 0  0 -1 -1 -1  1  0  0]
 [ 1  0 -1  1 -1 -1  0  0]
 [ 0  1 -1  1 -1  0  0  0]
 [-1 -1 -1 -1 -1  0  0  0]
 [ 0  0  0  0  0  0  0  0]
 [ 0  0  0  0  0  0  0  0]]
end_game: 0
player: 1
action: (2, 1)
2020-06-09 07:21:50,822:main:  turn: 23
[[ 0  0 -1  1  0  0  0  0]
 [ 0  0 -1  1  0  1  0  0]
 [ 0  0 -1 -1  1  1  0  0]
 [ 1  0 -1  1 -1 -1  0  0]
 [ 0  1 -1  1 -1  0  0  0]
 [-1 -1 -1 -1 -1  0  0  0]
 [ 0  0  0  0  0  0  0  0]
 [ 0  0  0  0  0  0  0  0]]
end_game: 0
player: -1
action: (5, 1)
2020-06-09 07:21:53,180:main:  turn: 24
[[ 0  0 -1 -1 -1  0  0  0]
 [ 0  0 -1 -1  0  1  0  0]
 [ 0  0 -1 -1  1  1  0  0]
 [ 1  0 -1  1 -1 -1  0  0]
 [ 0  1 -1  1 -1  0  0  0]
 [-1 -1 -1 -1 -1  0  0  0]
 [ 0  0  0  0  0  0  0  0]
 [ 0  0  0  0  0  0  0  0]]
end_game: 0
player: 1
action: (4, 0)
2020-06-09 07:21:53,805:main:  turn: 25
[[ 0  0 -1 -1 -1  0  0  0]
 [ 0  0 -1 -1  0  1  0  0]
 [ 0  0 -1 -1  1  1  0  0]
 [ 1  1  1  1 -1 -1  0  0]
 [ 0  1 -1  1 -1  0  0  0]
 [-1 -1 -1 -1 -1  0  0  0]
 [ 0  0  0  0  0  0  0  0]
 [ 0  0  0  0  0  0  0  0]]
end_game: 0
player: -1
action: (1, 3)
2020-06-09 07:21:55,401:main:  turn: 26
[[ 0  0 -1 -1 -1  0  0  0]
 [ 0  0 -1 -1 -1  1  0  0]
 [ 0  0 -1 -1 -1  1  0  0]
 [ 1  1  1  1 -1 -1  0  0]
 [ 0  1 -1  1 -1  0  0  0]
 [-1 -1 -1 -1 -1  0  0  0]
 [ 0  0  0  0  0  0  0  0]
 [ 0  0  0  0  0  0  0  0]]
end_game: 0
player: 1
action: (4, 1)
2020-06-09 07:21:56,388:main:  turn: 27
[[ 0  0 -1 -1 -1  1  0  0]
 [ 0  0 -1 -1  1  1  0  0]
 [ 0  0 -1  1 -1  1  0  0]
 [ 1  1  1  1 -1 -1  0  0]
 [ 0  1 -1  1 -1  0  0  0]
 [-1 -1 -1 -1 -1  0  0  0]
 [ 0  0  0  0  0  0  0  0]
 [ 0  0  0  0  0  0  0  0]]
end_game: 0
player: -1
action: (5, 0)
2020-06-09 07:21:58,171:main:  turn: 28
[[ 0  0 -1 -1 -1 -1 -1  0]
 [ 0  0 -1 -1  1 -1  0  0]
 [ 0  0 -1  1 -1  1  0  0]
 [ 1  1  1  1 -1 -1  0  0]
 [ 0  1 -1  1 -1  0  0  0]
 [-1 -1 -1 -1 -1  0  0  0]
 [ 0  0  0  0  0  0  0  0]
 [ 0  0  0  0  0  0  0  0]]
end_game: 0
player: 1
action: (6, 0)
2020-06-09 07:21:58,796:main:  turn: 29
[[ 0  0 -1 -1 -1 -1 -1  0]
 [ 0  0 -1 -1  1 -1  0  0]
 [ 0  1  1  1 -1  1  0  0]
 [ 1  1  1  1 -1 -1  0  0]
 [ 0  1 -1  1 -1  0  0  0]
 [-1 -1 -1 -1 -1  0  0  0]
 [ 0  0  0  0  0  0  0  0]
 [ 0  0  0  0  0  0  0  0]]
end_game: 0
player: -1
action: (1, 2)
2020-06-09 07:22:05,563:main:  turn: 30
[[ 0  0 -1 -1 -1 -1 -1  0]
 [-1  0 -1 -1  1 -1  0  0]
 [ 0 -1  1  1 -1  1  0  0]
 [ 1  1 -1  1 -1 -1  0  0]
 [ 0  1 -1 -1 -1  0  0  0]
 [-1 -1 -1 -1 -1  0  0  0]
 [ 0  0  0  0  0  0  0  0]
 [ 0  0  0  0  0  0  0  0]]
end_game: 0
player: 1
action: (0, 1)
2020-06-09 07:22:06,170:main:  turn: 31
[[ 0  0 -1 -1 -1 -1 -1  0]
 [-1  0 -1 -1  1 -1  0  0]
 [ 1  1  1  1 -1  1  0  0]
 [ 1  1 -1  1 -1 -1  0  0]
 [ 0  1 -1 -1 -1  0  0  0]
 [-1 -1 -1 -1 -1  0  0  0]
 [ 0  0  0  0  0  0  0  0]
 [ 0  0  0  0  0  0  0  0]]
end_game: 0
player: -1
action: (0, 2)
2020-06-09 07:22:08,887:main:  turn: 32
[[ 0  0 -1 -1 -1 -1 -1  0]
 [-1  0 -1 -1  1 -1  0  0]
 [-1  1 -1  1 -1  1  0  0]
 [-1 -1 -1  1 -1 -1  0  0]
 [-1 -1 -1 -1 -1  0  0  0]
 [-1 -1 -1 -1 -1  0  0  0]
 [ 0  0  0  0  0  0  0  0]
 [ 0  0  0  0  0  0  0  0]]
end_game: 0
player: 1
action: (0, 4)
2020-06-09 07:22:09,862:main:  turn: 33
[[ 0  0 -1 -1 -1 -1 -1  0]
 [-1  0 -1 -1  1 -1  0  0]
 [-1  1 -1  1 -1  1  0  0]
 [-1 -1 -1  1  1  1  1  0]
 [-1 -1 -1 -1 -1  0  0  0]
 [-1 -1 -1 -1 -1  0  0  0]
 [ 0  0  0  0  0  0  0  0]
 [ 0  0  0  0  0  0  0  0]]
end_game: 0
player: -1
action: (6, 3)
2020-06-09 07:22:13,403:main:  turn: 34
[[ 0  0 -1 -1 -1 -1 -1  0]
 [-1  0 -1 -1  1 -1  0  0]
 [-1  1 -1  1 -1 -1 -1  0]
 [-1 -1 -1  1  1 -1  1  0]
 [-1 -1 -1 -1 -1  0  0  0]
 [-1 -1 -1 -1 -1  0  0  0]
 [ 0  0  0  0  0  0  0  0]
 [ 0  0  0  0  0  0  0  0]]
end_game: 0
player: 1
action: (6, 2)
2020-06-09 07:22:14,719:main:  turn: 35
[[ 0  0 -1 -1 -1 -1 -1  0]
 [-1  0 -1 -1  1 -1  0  0]
 [-1  1 -1  1  1  1  1  1]
 [-1 -1 -1  1  1 -1  1  0]
 [-1 -1 -1 -1 -1  0  0  0]
 [-1 -1 -1 -1 -1  0  0  0]
 [ 0  0  0  0  0  0  0  0]
 [ 0  0  0  0  0  0  0  0]]
end_game: 0
player: -1
action: (7, 2)
2020-06-09 07:22:16,303:main:  turn: 36
[[ 0  0 -1 -1 -1 -1 -1  0]
 [-1  0 -1 -1  1 -1  0  0]
 [-1  1 -1  1  1  1 -1  1]
 [-1 -1 -1  1  1 -1 -1 -1]
 [-1 -1 -1 -1 -1  0  0  0]
 [-1 -1 -1 -1 -1  0  0  0]
 [ 0  0  0  0  0  0  0  0]
 [ 0  0  0  0  0  0  0  0]]
end_game: 0
player: 1
action: (7, 3)
2020-06-09 07:22:17,282:main:  turn: 37
[[ 0  0 -1 -1 -1 -1 -1  0]
 [-1  0 -1 -1  1 -1  0  0]
 [-1  1 -1  1  1  1 -1  1]
 [-1 -1 -1  1  1 -1  1  1]
 [-1 -1 -1 -1 -1  0  0  1]
 [-1 -1 -1 -1 -1  0  0  0]
 [ 0  0  0  0  0  0  0  0]
 [ 0  0  0  0  0  0  0  0]]
end_game: 0
player: -1
action: (7, 4)
2020-06-09 07:22:18,944:main:  turn: 38
[[ 0  0 -1 -1 -1 -1 -1  0]
 [-1  0 -1 -1  1 -1  0  0]
 [-1  1 -1 -1  1  1 -1  1]
 [-1 -1 -1  1 -1 -1  1  1]
 [-1 -1 -1 -1 -1 -1  0  1]
 [-1 -1 -1 -1 -1  0  0  0]
 [ 0  0  0  0  0  0  0  0]
 [ 0  0  0  0  0  0  0  0]]
end_game: 0
player: 1
action: (5, 4)
2020-06-09 07:22:19,632:main:  turn: 39
[[ 0  0 -1 -1 -1 -1 -1  0]
 [-1  0 -1 -1  1 -1  0  0]
 [-1  1 -1 -1  1  1 -1  1]
 [-1 -1 -1  1 -1  1  1  1]
 [-1 -1 -1 -1 -1 -1  1  1]
 [-1 -1 -1 -1 -1  0  0  0]
 [ 0  0  0  0  0  0  0  0]
 [ 0  0  0  0  0  0  0  0]]
end_game: 0
player: -1
action: (6, 4)
2020-06-09 07:22:23,751:main:  turn: 40
[[ 0  0 -1 -1 -1 -1 -1  0]
 [-1  0 -1 -1  1 -1  0  0]
 [-1  1 -1 -1  1  1 -1  1]
 [-1 -1 -1  1 -1  1 -1  1]
 [-1 -1 -1 -1 -1 -1 -1  1]
 [-1 -1 -1 -1 -1  0 -1  0]
 [ 0  0  0  0  0  0  0  0]
 [ 0  0  0  0  0  0  0  0]]
end_game: 0
player: 1
action: (6, 5)
2020-06-09 07:22:24,394:main:  turn: 41
[[ 0  0 -1 -1 -1 -1 -1  0]
 [-1  0 -1 -1  1 -1  0  0]
 [-1  1 -1 -1  1  1 -1  1]
 [-1 -1 -1  1 -1  1 -1  1]
 [-1 -1 -1 -1 -1 -1  1  1]
 [-1 -1 -1 -1 -1  0 -1  1]
 [ 0  0  0  0  0  0  0  0]
 [ 0  0  0  0  0  0  0  0]]
end_game: 0
player: -1
action: (7, 5)
2020-06-09 07:22:39,288:main:  turn: 42
[[ 0  0 -1 -1 -1 -1 -1  0]
 [-1 -1 -1 -1  1 -1  0  0]
 [-1 -1 -1 -1  1  1 -1  1]
 [-1 -1 -1  1 -1  1 -1  1]
 [-1 -1 -1 -1 -1 -1  1  1]
 [-1 -1 -1 -1 -1  0 -1  1]
 [ 0  0  0  0  0  0  0  0]
 [ 0  0  0  0  0  0  0  0]]
end_game: 0
player: 1
action: (1, 1)
2020-06-09 07:22:40,283:main:  turn: 43
[[ 1  0 -1 -1 -1 -1 -1  0]
 [-1  1 -1 -1  1 -1  0  0]
 [-1 -1  1 -1  1  1 -1  1]
 [-1 -1 -1  1 -1  1 -1  1]
 [-1 -1 -1 -1 -1 -1  1  1]
 [-1 -1 -1 -1 -1  0 -1  1]
 [ 0  0  0  0  0  0  0  0]
 [ 0  0  0  0  0  0  0  0]]
end_game: 0
player: -1
action: (0, 0)
2020-06-09 07:22:42,092:main:  turn: 44
[[ 1  0 -1 -1 -1 -1 -1  0]
 [-1  1 -1 -1  1 -1 -1  0]
 [-1 -1  1 -1  1 -1 -1  1]
 [-1 -1 -1  1 -1  1 -1  1]
 [-1 -1 -1 -1 -1 -1  1  1]
 [-1 -1 -1 -1 -1  0 -1  1]
 [ 0  0  0  0  0  0  0  0]
 [ 0  0  0  0  0  0  0  0]]
end_game: 0
player: 1
action: (6, 1)
2020-06-09 07:22:43,417:main:  turn: 45
[[ 1  0 -1 -1 -1 -1 -1  0]
 [-1  1 -1 -1  1 -1 -1  0]
 [-1 -1  1 -1  1 -1 -1  1]
 [-1 -1 -1  1 -1  1 -1  1]
 [-1 -1 -1 -1  1  1  1  1]
 [-1 -1 -1 -1 -1  1  1  1]
 [ 0  0  0  0  0  0  0  0]
 [ 0  0  0  0  0  0  0  0]]
end_game: 0
player: -1
action: (5, 5)
2020-06-09 07:22:46,412:main:  turn: 46
[[ 1  0 -1 -1 -1 -1 -1  0]
 [-1  1 -1 -1  1 -1 -1  0]
 [-1 -1  1 -1  1 -1 -1  1]
 [-1 -1 -1  1 -1  1 -1  1]
 [-1 -1 -1 -1  1 -1  1  1]
 [-1 -1 -1 -1 -1  1 -1  1]
 [ 0  0  0  0  0  0  0 -1]
 [ 0  0  0  0  0  0  0  0]]
end_game: 0
player: 1
action: (7, 6)
2020-06-09 07:22:47,008:main:  turn: 47
[[ 1  0 -1 -1 -1 -1 -1  0]
 [-1  1 -1 -1  1 -1 -1  0]
 [-1 -1  1 -1  1 -1 -1  1]
 [-1 -1 -1  1 -1  1 -1  1]
 [-1 -1 -1 -1  1 -1  1  1]
 [-1 -1 -1 -1 -1  1 -1  1]
 [ 0  0  0  0  0  0  0  1]
 [ 0  0  0  0  0  0  0  1]]
end_game: 0
player: -1
action: (7, 7)
2020-06-09 07:22:50,191:main:  turn: 48
[[ 1  0 -1 -1 -1 -1 -1  0]
 [-1  1 -1 -1  1 -1 -1  0]
 [-1 -1  1 -1  1 -1 -1  1]
 [-1 -1 -1  1 -1  1 -1  1]
 [-1 -1 -1 -1  1 -1  1  1]
 [-1 -1 -1 -1 -1 -1 -1  1]
 [ 0  0  0  0  0 -1  0  1]
 [ 0  0  0  0  0  0  0  1]]
end_game: 0
player: 1
action: (5, 6)
2020-06-09 07:22:51,162:main:  turn: 49
[[ 1  0 -1 -1 -1 -1 -1  0]
 [-1  1 -1 -1  1 -1 -1  0]
 [-1 -1  1 -1  1 -1 -1  1]
 [-1 -1 -1  1 -1  1 -1  1]
 [-1 -1 -1 -1  1 -1  1  1]
 [-1 -1 -1 -1  1  1 -1  1]
 [ 0  0  0  0  1 -1  0  1]
 [ 0  0  0  0  0  0  0  1]]
end_game: 0
player: -1
action: (4, 6)
2020-06-09 07:22:53,311:main:  turn: 50
[[ 1  0 -1 -1 -1 -1 -1  0]
 [-1  1 -1 -1  1 -1 -1  0]
 [-1 -1  1 -1  1 -1 -1  1]
 [-1 -1 -1  1 -1  1 -1  1]
 [-1 -1 -1 -1 -1 -1  1  1]
 [-1 -1 -1 -1 -1  1 -1  1]
 [ 0  0  0  0 -1 -1  0  1]
 [ 0  0  0  0 -1  0  0  1]]
end_game: 0
player: 1
action: (4, 7)
2020-06-09 07:22:55,195:main:  turn: 51
[[ 1  0 -1 -1 -1 -1 -1  0]
 [-1  1 -1 -1  1 -1 -1  0]
 [-1 -1  1 -1  1 -1 -1  1]
 [-1 -1 -1  1 -1  1  1  1]
 [-1 -1 -1  1 -1  1  1  1]
 [-1 -1 -1  1  1  1 -1  1]
 [ 0  0  0  1 -1 -1  0  1]
 [ 0  0  0  0 -1  0  0  1]]
end_game: 0
player: -1
action: (3, 6)
2020-06-09 07:22:57,419:main:  turn: 52
[[ 1  0 -1 -1 -1 -1 -1  0]
 [-1  1 -1 -1  1 -1 -1  0]
 [-1 -1  1 -1  1 -1 -1  1]
 [-1 -1 -1 -1 -1  1  1  1]
 [-1 -1 -1 -1 -1  1  1  1]
 [-1 -1 -1 -1  1  1 -1  1]
 [ 0  0  0 -1 -1 -1  0  1]
 [ 0  0  0 -1 -1  0  0  1]]
end_game: 0
player: 1
action: (3, 7)
2020-06-09 07:22:57,969:main:  turn: 53
[[ 1  0 -1 -1 -1 -1 -1  0]
 [-1  1 -1 -1  1 -1 -1  0]
 [-1 -1  1 -1  1 -1 -1  1]
 [-1 -1 -1 -1 -1  1  1  1]
 [-1 -1 -1 -1 -1  1  1  1]
 [-1 -1 -1 -1  1  1 -1  1]
 [ 0  0  0 -1 -1  1  0  1]
 [ 0  0  0 -1 -1  0  1  1]]
end_game: 0
player: -1
action: (6, 7)
2020-06-09 07:23:00,644:main:  turn: 54
[[ 1  0 -1 -1 -1 -1 -1  0]
 [-1  1 -1 -1  1 -1 -1  0]
 [-1 -1  1 -1  1 -1 -1  1]
 [-1 -1 -1 -1 -1  1  1  1]
 [-1 -1 -1 -1 -1  1  1  1]
 [-1 -1 -1 -1  1 -1 -1  1]
 [ 0  0  0 -1 -1 -1 -1  1]
 [ 0  0  0 -1 -1  0  1  1]]
end_game: 0
player: 1
action: (6, 6)
2020-06-09 07:23:01,773:main:  turn: 55
[[ 1  1 -1 -1 -1 -1 -1  0]
 [-1  1  1 -1  1 -1 -1  0]
 [-1 -1  1  1  1 -1 -1  1]
 [-1 -1 -1 -1  1  1  1  1]
 [-1 -1 -1 -1 -1  1  1  1]
 [-1 -1 -1 -1  1 -1 -1  1]
 [ 0  0  0 -1 -1 -1 -1  1]
 [ 0  0  0 -1 -1  0  1  1]]
end_game: 0
player: -1
action: (1, 0)
2020-06-09 07:23:06,785:main:  turn: 56
[[ 1  1 -1 -1 -1 -1 -1  0]
 [-1  1  1 -1  1 -1 -1  0]
 [-1 -1  1  1  1 -1 -1  1]
 [-1 -1 -1 -1  1  1  1  1]
 [-1 -1 -1 -1 -1  1  1  1]
 [-1 -1 -1 -1  1 -1 -1  1]
 [ 0  0  0 -1 -1 -1 -1  1]
 [ 0  0  0 -1 -1  0  1  1]]
end_game: 0
player: 1
action: None
